#
# There is insufficient memory for the Java Runtime Environment to continue.
# Native memory allocation (mmap) failed to map 438304768 bytes for committing reserved memory.
# Possible reasons:
#   The system is out of physical RAM or swap space
#   The process is running with CompressedOops enabled, and the Java Heap may be blocking the growth of the native heap
# Possible solutions:
#   Reduce memory load on the system
#   Increase physical memory or swap space
#   Check if swap backing store is full
#   Decrease Java heap size (-Xmx/-Xms)
#   Decrease number of Java threads
#   Decrease Java thread stack sizes (-Xss)
#   Set larger code cache with -XX:ReservedCodeCacheSize=
#   JVM is running with Unscaled Compressed Oops mode in which the Java heap is
#     placed in the first 4GB address space. The Java Heap base address is the
#     maximum limit for the native heap growth. Please use -XX:HeapBaseMinAddress
#     to set the Java Heap base and to place the Java Heap above 4GB virtual address.
# This output file may be truncated or incomplete.
#
#  Out of Memory Error (os_linux.cpp:3119), pid=5590, tid=5612
#
# JRE version: OpenJDK Runtime Environment Temurin-11.0.20+8 (11.0.20+8) (build 11.0.20+8)
# Java VM: OpenJDK 64-Bit Server VM Temurin-11.0.20+8 (11.0.20+8, mixed mode, tiered, compressed oops, g1 gc, linux-amd64)
# Core dump will be written. Default location: Core dumps may be processed with "/usr/lib/systemd/systemd-coredump %P %u %g %s %t %c %h %e" (or dumping to /var/jenkins_home/workspace/GDSN_lib_dev/core.5590)
#

---------------  S U M M A R Y ------------

Command Line: -Dclassworlds.conf=/var/jenkins_home/tools/hudson.tasks.Maven_MavenInstallation/maven_j/bin/m2.conf -Dmaven.home=/var/jenkins_home/tools/hudson.tasks.Maven_MavenInstallation/maven_j -Dlibrary.jansi.path=/var/jenkins_home/tools/hudson.tasks.Maven_MavenInstallation/maven_j/lib/jansi-native -Dmaven.multiModuleProjectDirectory=/var/jenkins_home/workspace/GDSN_lib_dev org.codehaus.plexus.classworlds.launcher.Launcher clean jaxb2:generate -P dev

Host: Intel(R) Xeon(R) Gold 6326 CPU @ 2.90GHz, 2 cores, 7G, Alpine Linux v3.18
Time: Thu Dec 28 16:09:44 2023 UTC elapsed time: 404.822701 seconds (0d 0h 6m 44s)

---------------  T H R E A D  ---------------

Current thread (0x00007f03fd0f7800):  VMThread "VM Thread" [stack: 0x00007f03fcf9e000,0x00007f03fd09eac0] [id=5612]

Stack: [0x00007f03fcf9e000,0x00007f03fd09eac0],  sp=0x00007f03fd09d710,  free space=1021k
Native frames: (J=compiled Java code, A=aot compiled Java code, j=interpreted, Vv=VM code, C=native code)
V  [libjvm.so+0xea9476]  VMError::report_and_die(int, char const*, char const*, __va_list_tag*, Thread*, unsigned char*, void*, void*, char const*, int, unsigned long)+0x1c6
V  [libjvm.so+0xeaa27d]  VMError::report_and_die(Thread*, char const*, int, unsigned long, VMErrorType, char const*, __va_list_tag*)+0x2d
V  [libjvm.so+0x6b5ec6]  report_vm_out_of_memory(char const*, int, unsigned long, VMErrorType, char const*, ...)+0xc6
V  [libjvm.so+0xc224c8]  os::pd_commit_memory_or_exit(char*, unsigned long, unsigned long, bool, char const*)+0xd8
V  [libjvm.so+0xc1b31d]  os::commit_memory_or_exit(char*, unsigned long, unsigned long, bool, char const*)+0x1d
V  [libjvm.so+0x7ccd4b]  G1PageBasedVirtualSpace::commit_preferred_pages(unsigned long, unsigned long)+0x6b
V  [libjvm.so+0x7cd150]  G1PageBasedVirtualSpace::commit(unsigned long, unsigned long)+0x1b0
V  [libjvm.so+0x7d8523]  G1RegionsLargerThanCommitSizeMapper::commit_regions(unsigned int, unsigned long, WorkGang*)+0x43
V  [libjvm.so+0x858684]  HeapRegionManager::commit_regions(unsigned int, unsigned long, WorkGang*)+0x54
V  [libjvm.so+0x8592a4]  HeapRegionManager::make_regions_available(unsigned int, unsigned int, WorkGang*)+0x34
V  [libjvm.so+0x8598b9]  HeapRegionManager::expand_by(unsigned int, WorkGang*)+0x69
V  [libjvm.so+0x7876cf]  G1CollectedHeap::expand(unsigned long, WorkGang*, double*)+0xdf
V  [libjvm.so+0x78c058]  G1CollectedHeap::do_collection_pause_at_safepoint(double)+0x7c8
V  [libjvm.so+0xeb4616]  VM_G1CollectForAllocation::doit()+0xa6
V  [libjvm.so+0xeabcdb]  VM_Operation::evaluate()+0xeb
V  [libjvm.so+0xeb1c67]  VMThread::evaluate_operation(VM_Operation*) [clone .constprop.0]+0xc7
V  [libjvm.so+0xeb22e0]  VMThread::loop()+0x590
V  [libjvm.so+0xeb2652]  VMThread::run()+0x72
V  [libjvm.so+0xe3c8dc]  Thread::call_run()+0x13c
V  [libjvm.so+0xc26de6]  thread_native_entry(Thread*)+0x136

VM_Operation (0x00007f0417071b60): G1CollectForAllocation, mode: safepoint, requested by thread 0x00007f0416edb800


---------------  P R O C E S S  ---------------

Threads class SMR info:
_java_thread_list=0x00007f03faa1b130, length=14, elements={
0x00007f0416edb800, 0x00007f03fcf8d800, 0x00007f03fcf8e800, 0x00007f03fcf98800,
0x00007f03fcf99800, 0x00007f03fcd67800, 0x00007f03fcd68000, 0x00007f03fcd69000,
0x00007f03fd0f6800, 0x00007f03faa4f800, 0x00007f03faa50800, 0x00007f03faa51800,
0x00007f03faa52800, 0x00007f03fa9c3800
}

Java Threads: ( => current thread )
  0x00007f0416edb800 JavaThread "main" [_thread_blocked, id=5606, stack(0x00007f0416f73000,0x00007f0417073ad8)]
  0x00007f03fcf8d800 JavaThread "Reference Handler" daemon [_thread_blocked, id=5613, stack(0x00007f03fce88000,0x00007f03fcf88ac0)]
  0x00007f03fcf8e800 JavaThread "Finalizer" daemon [_thread_blocked, id=5614, stack(0x00007f03fcd76000,0x00007f03fce76ac0)]
  0x00007f03fcf98800 JavaThread "Signal Dispatcher" daemon [_thread_blocked, id=5615, stack(0x00007f03fcc59000,0x00007f03fcd59ac0)]
  0x00007f03fcf99800 JavaThread "Service Thread" daemon [_thread_blocked, id=5616, stack(0x00007f03fcb58000,0x00007f03fcc58ac0)]
  0x00007f03fcd67800 JavaThread "C2 CompilerThread0" daemon [_thread_blocked, id=5617, stack(0x00007f03fca57000,0x00007f03fcb57ac0)]
  0x00007f03fcd68000 JavaThread "C1 CompilerThread0" daemon [_thread_blocked, id=5618, stack(0x00007f03fc90e000,0x00007f03fca0eac0)]
  0x00007f03fcd69000 JavaThread "Sweeper thread" daemon [_thread_blocked, id=5619, stack(0x00007f03fc7fd000,0x00007f03fc8fdac0)]
  0x00007f03fd0f6800 JavaThread "Common-Cleaner" daemon [_thread_blocked, id=5621, stack(0x00007f03fc4b2000,0x00007f03fc5b2ac0)]
  0x00007f03faa4f800 JavaThread "resolver-1" daemon [_thread_blocked, id=5632, stack(0x00007f03f9ebb000,0x00007f03f9fbbac0)]
  0x00007f03faa50800 JavaThread "resolver-2" daemon [_thread_blocked, id=5633, stack(0x00007f03f95e3000,0x00007f03f96e3ac0)]
  0x00007f03faa51800 JavaThread "resolver-3" daemon [_thread_blocked, id=5634, stack(0x00007f03f94e2000,0x00007f03f95e2ac0)]
  0x00007f03faa52800 JavaThread "resolver-4" daemon [_thread_blocked, id=5635, stack(0x00007f03f93e1000,0x00007f03f94e1ac0)]
  0x00007f03fa9c3800 JavaThread "resolver-5" daemon [_thread_blocked, id=5636, stack(0x00007f03f92e0000,0x00007f03f93e0ac0)]

Other Threads:
=>0x00007f03fd0f7800 VMThread "VM Thread" [stack: 0x00007f03fcf9e000,0x00007f03fd09eac0] [id=5612]
  0x00007f03fc6b6800 WatcherThread [stack: 0x00007f03fc5b5000,0x00007f03fc6b5ac0] [id=5620]
  0x00007f0404b6a800 GCTaskThread "GC Thread#0" [stack: 0x00007f0404a67000,0x00007f0404b67ac0] [id=5607]
  0x00007f03fc6b8000 GCTaskThread "GC Thread#1" [stack: 0x00007f03fb76f000,0x00007f03fb86fac0] [id=5624]
  0x00007f04000e2800 ConcurrentGCThread "G1 Main Marker" [stack: 0x00007f03fffe1000,0x00007f04000e1ac0] [id=5608]
  0x00007f03fffde800 ConcurrentGCThread "G1 Conc#0" [stack: 0x00007f03ffedd000,0x00007f03fffddac0] [id=5609]
  0x00007f03fdc53800 ConcurrentGCThread "G1 Refine#0" [stack: 0x00007f03fdb50000,0x00007f03fdc50ac0] [id=5610]
  0x00007f03fdc54800 ConcurrentGCThread "G1 Young RemSet Sampling" [stack: 0x00007f03fda4d000,0x00007f03fdb4dac0] [id=5611]

Threads with active compile tasks:
C2 CompilerThread0   405423 6008       4       java.util.HashMap::putVal (300 bytes)

VM state:at safepoint (normal execution)

VM Mutex/Monitor currently owned by a thread:  ([mutex/lock_event])
[0x00007f0416ee6220] Threads_lock - owner thread: 0x00007f03fd0f7800
[0x00007f0416ee6bb0] Heap_lock - owner thread: 0x00007f0416edb800

Heap address: 0x0000000088600000, size: 1914 MB, Compressed Oops mode: 32-bit
Narrow klass base: 0x0000000000000000, Narrow klass shift: 3
Compressed class space size: 1073741824 Address: 0x0000000100000000

Heap:
 garbage-first heap   total 769024K, used 30603K [0x0000000088600000, 0x0000000100000000)
  region size 1024K, 1 young (1024K), 1 survivors (1024K)
 Metaspace       used 33809K, capacity 34520K, committed 34992K, reserved 1081344K
  class space    used 3772K, capacity 4012K, committed 4096K, reserved 1048576K
Heap Regions: E=young(eden), S=young(survivor), O=old, HS=humongous(starts), HC=humongous(continues), CS=collection set, F=free, A=archive, TAMS=top-at-mark-start (previous, next)
|   0|0x0000000088600000, 0x0000000088700000, 0x0000000088700000|100%| O|  |TAMS 0x0000000088700000, 0x0000000088600000| Untracked 
|   1|0x0000000088700000, 0x0000000088800000, 0x0000000088800000|100%| O|  |TAMS 0x0000000088800000, 0x0000000088700000| Untracked 
|   2|0x0000000088800000, 0x0000000088900000, 0x0000000088900000|100%| O|  |TAMS 0x0000000088900000, 0x0000000088800000| Untracked 
|   3|0x0000000088900000, 0x0000000088a00000, 0x0000000088a00000|100%| O|  |TAMS 0x0000000088909200, 0x0000000088900000| Untracked 
|   4|0x0000000088a00000, 0x0000000088b00000, 0x0000000088b00000|100%| O|  |TAMS 0x0000000088a00000, 0x0000000088a00000| Untracked 
|   5|0x0000000088b00000, 0x0000000088c00000, 0x0000000088c00000|100%| O|  |TAMS 0x0000000088b00000, 0x0000000088b00000| Untracked 
|   6|0x0000000088c00000, 0x0000000088d00000, 0x0000000088d00000|100%| O|  |TAMS 0x0000000088c00000, 0x0000000088c00000| Untracked 
|   7|0x0000000088d00000, 0x0000000088e00000, 0x0000000088e00000|100%| O|  |TAMS 0x0000000088d00000, 0x0000000088d00000| Untracked 
|   8|0x0000000088e00000, 0x0000000088f00000, 0x0000000088f00000|100%| O|  |TAMS 0x0000000088e00000, 0x0000000088e00000| Untracked 
|   9|0x0000000088f00000, 0x0000000089000000, 0x0000000089000000|100%| O|  |TAMS 0x0000000088f00000, 0x0000000088f00000| Untracked 
|  10|0x0000000089000000, 0x0000000089100000, 0x0000000089100000|100%| O|  |TAMS 0x0000000089000000, 0x0000000089000000| Untracked 
|  11|0x0000000089100000, 0x0000000089200000, 0x0000000089200000|100%| O|  |TAMS 0x0000000089100000, 0x0000000089100000| Untracked 
|  12|0x0000000089200000, 0x0000000089300000, 0x0000000089300000|100%| O|  |TAMS 0x0000000089200000, 0x0000000089200000| Untracked 
|  13|0x0000000089300000, 0x0000000089400000, 0x0000000089400000|100%| O|  |TAMS 0x0000000089300000, 0x0000000089300000| Untracked 
|  14|0x0000000089400000, 0x0000000089500000, 0x0000000089500000|100%| O|  |TAMS 0x0000000089400000, 0x0000000089400000| Untracked 
|  15|0x0000000089500000, 0x0000000089600000, 0x0000000089600000|100%| O|  |TAMS 0x0000000089500000, 0x0000000089500000| Untracked 
|  16|0x0000000089600000, 0x0000000089700000, 0x0000000089700000|100%| O|  |TAMS 0x0000000089600000, 0x0000000089600000| Untracked 
|  17|0x0000000089700000, 0x0000000089800000, 0x0000000089800000|100%| O|  |TAMS 0x0000000089700000, 0x0000000089700000| Untracked 
|  18|0x0000000089800000, 0x0000000089900000, 0x0000000089900000|100%| O|  |TAMS 0x0000000089800000, 0x0000000089800000| Untracked 
|  19|0x0000000089900000, 0x0000000089a00000, 0x0000000089a00000|100%| O|  |TAMS 0x0000000089900000, 0x0000000089900000| Untracked 
|  20|0x0000000089a00000, 0x0000000089b00000, 0x0000000089b00000|100%| O|  |TAMS 0x0000000089a00000, 0x0000000089a00000| Untracked 
|  21|0x0000000089b00000, 0x0000000089c00000, 0x0000000089c00000|100%| O|  |TAMS 0x0000000089b00000, 0x0000000089b00000| Untracked 
|  22|0x0000000089c00000, 0x0000000089d00000, 0x0000000089d00000|100%| O|  |TAMS 0x0000000089c00000, 0x0000000089c00000| Untracked 
|  23|0x0000000089d00000, 0x0000000089e00000, 0x0000000089e00000|100%| O|  |TAMS 0x0000000089d00000, 0x0000000089d00000| Untracked 
|  24|0x0000000089e00000, 0x0000000089f00000, 0x0000000089f00000|100%| O|  |TAMS 0x0000000089e00000, 0x0000000089e00000| Untracked 
|  25|0x0000000089f00000, 0x000000008a000000, 0x000000008a000000|100%| O|  |TAMS 0x0000000089f00000, 0x0000000089f00000| Untracked 
|  26|0x000000008a000000, 0x000000008a100000, 0x000000008a100000|100%| O|  |TAMS 0x000000008a000000, 0x000000008a000000| Untracked 
|  27|0x000000008a100000, 0x000000008a200000, 0x000000008a200000|100%| O|  |TAMS 0x000000008a100000, 0x000000008a100000| Untracked 
|  28|0x000000008a200000, 0x000000008a300000, 0x000000008a300000|100%| O|  |TAMS 0x000000008a200000, 0x000000008a200000| Untracked 
|  29|0x000000008a300000, 0x000000008a397c00, 0x000000008a400000| 59%| O|  |TAMS 0x000000008a300000, 0x000000008a300000| Untracked 
|  30|0x000000008a400000, 0x000000008a400000, 0x000000008a500000|  0%| F|  |TAMS 0x000000008a400000, 0x000000008a400000| Untracked 
|  31|0x000000008a500000, 0x000000008a500000, 0x000000008a600000|  0%| F|  |TAMS 0x000000008a500000, 0x000000008a500000| Untracked 
|  32|0x000000008a600000, 0x000000008a600000, 0x000000008a700000|  0%| F|  |TAMS 0x000000008a600000, 0x000000008a600000| Untracked 
|  33|0x000000008a700000, 0x000000008a700000, 0x000000008a800000|  0%| F|  |TAMS 0x000000008a700000, 0x000000008a700000| Untracked 
|  34|0x000000008a800000, 0x000000008a800000, 0x000000008a900000|  0%| F|  |TAMS 0x000000008a800000, 0x000000008a800000| Untracked 
|  35|0x000000008a900000, 0x000000008a900000, 0x000000008aa00000|  0%| F|  |TAMS 0x000000008a900000, 0x000000008a900000| Untracked 
|  36|0x000000008aa00000, 0x000000008aa00000, 0x000000008ab00000|  0%| F|  |TAMS 0x000000008aa00000, 0x000000008aa00000| Untracked 
|  37|0x000000008ab00000, 0x000000008ab00000, 0x000000008ac00000|  0%| F|  |TAMS 0x000000008ab00000, 0x000000008ab00000| Untracked 
|  38|0x000000008ac00000, 0x000000008ac00000, 0x000000008ad00000|  0%| F|  |TAMS 0x000000008ac00000, 0x000000008ac00000| Untracked 
|  39|0x000000008ad00000, 0x000000008ad00000, 0x000000008ae00000|  0%| F|  |TAMS 0x000000008ad00000, 0x000000008ad00000| Untracked 
|  40|0x000000008ae00000, 0x000000008ae00000, 0x000000008af00000|  0%| F|  |TAMS 0x000000008ae00000, 0x000000008ae00000| Untracked 
|  41|0x000000008af00000, 0x000000008af00000, 0x000000008b000000|  0%| F|  |TAMS 0x000000008af00000, 0x000000008af00000| Untracked 
|  42|0x000000008b000000, 0x000000008b000000, 0x000000008b100000|  0%| F|  |TAMS 0x000000008b000000, 0x000000008b000000| Untracked 
|  43|0x000000008b100000, 0x000000008b100000, 0x000000008b200000|  0%| F|  |TAMS 0x000000008b100000, 0x000000008b100000| Untracked 
|  44|0x000000008b200000, 0x000000008b200000, 0x000000008b300000|  0%| F|  |TAMS 0x000000008b200000, 0x000000008b200000| Untracked 
|  45|0x000000008b300000, 0x000000008b300000, 0x000000008b400000|  0%| F|  |TAMS 0x000000008b300000, 0x000000008b300000| Untracked 
|  46|0x000000008b400000, 0x000000008b400000, 0x000000008b500000|  0%| F|  |TAMS 0x000000008b400000, 0x000000008b400000| Untracked 
|  47|0x000000008b500000, 0x000000008b500000, 0x000000008b600000|  0%| F|  |TAMS 0x000000008b500000, 0x000000008b500000| Untracked 
|  48|0x000000008b600000, 0x000000008b600000, 0x000000008b700000|  0%| F|  |TAMS 0x000000008b600000, 0x000000008b600000| Untracked 
|  49|0x000000008b700000, 0x000000008b700000, 0x000000008b800000|  0%| F|  |TAMS 0x000000008b700000, 0x000000008b700000| Untracked 
|  50|0x000000008b800000, 0x000000008b800000, 0x000000008b900000|  0%| F|  |TAMS 0x000000008b800000, 0x000000008b800000| Untracked 
|  51|0x000000008b900000, 0x000000008b900000, 0x000000008ba00000|  0%| F|  |TAMS 0x000000008b900000, 0x000000008b900000| Untracked 
|  52|0x000000008ba00000, 0x000000008ba00000, 0x000000008bb00000|  0%| F|  |TAMS 0x000000008ba00000, 0x000000008ba00000| Untracked 
|  53|0x000000008bb00000, 0x000000008bb00000, 0x000000008bc00000|  0%| F|  |TAMS 0x000000008bb00000, 0x000000008bb00000| Untracked 
|  54|0x000000008bc00000, 0x000000008bc00000, 0x000000008bd00000|  0%| F|  |TAMS 0x000000008bc00000, 0x000000008bc00000| Untracked 
|  55|0x000000008bd00000, 0x000000008bd00000, 0x000000008be00000|  0%| F|  |TAMS 0x000000008bd00000, 0x000000008bd00000| Untracked 
|  56|0x000000008be00000, 0x000000008be00000, 0x000000008bf00000|  0%| F|  |TAMS 0x000000008be00000, 0x000000008be00000| Untracked 
|  57|0x000000008bf00000, 0x000000008bf00000, 0x000000008c000000|  0%| F|  |TAMS 0x000000008bf00000, 0x000000008bf00000| Untracked 
|  58|0x000000008c000000, 0x000000008c000000, 0x000000008c100000|  0%| F|  |TAMS 0x000000008c000000, 0x000000008c000000| Untracked 
|  59|0x000000008c100000, 0x000000008c100000, 0x000000008c200000|  0%| F|  |TAMS 0x000000008c100000, 0x000000008c100000| Untracked 
|  60|0x000000008c200000, 0x000000008c200000, 0x000000008c300000|  0%| F|  |TAMS 0x000000008c200000, 0x000000008c200000| Untracked 
|  61|0x000000008c300000, 0x000000008c300000, 0x000000008c400000|  0%| F|  |TAMS 0x000000008c300000, 0x000000008c300000| Untracked 
|  62|0x000000008c400000, 0x000000008c400000, 0x000000008c500000|  0%| F|  |TAMS 0x000000008c400000, 0x000000008c400000| Untracked 
|  63|0x000000008c500000, 0x000000008c500000, 0x000000008c600000|  0%| F|  |TAMS 0x000000008c500000, 0x000000008c500000| Untracked 
|  64|0x000000008c600000, 0x000000008c600000, 0x000000008c700000|  0%| F|  |TAMS 0x000000008c600000, 0x000000008c600000| Untracked 
|  65|0x000000008c700000, 0x000000008c700000, 0x000000008c800000|  0%| F|  |TAMS 0x000000008c700000, 0x000000008c700000| Untracked 
|  66|0x000000008c800000, 0x000000008c800000, 0x000000008c900000|  0%| F|  |TAMS 0x000000008c800000, 0x000000008c800000| Untracked 
|  67|0x000000008c900000, 0x000000008c900000, 0x000000008ca00000|  0%| F|  |TAMS 0x000000008c900000, 0x000000008c900000| Untracked 
|  68|0x000000008ca00000, 0x000000008ca00000, 0x000000008cb00000|  0%| F|  |TAMS 0x000000008ca00000, 0x000000008ca00000| Untracked 
|  69|0x000000008cb00000, 0x000000008cb00000, 0x000000008cc00000|  0%| F|  |TAMS 0x000000008cb00000, 0x000000008cb00000| Untracked 
|  70|0x000000008cc00000, 0x000000008cc00000, 0x000000008cd00000|  0%| F|  |TAMS 0x000000008cc00000, 0x000000008cc00000| Untracked 
|  71|0x000000008cd00000, 0x000000008cd00000, 0x000000008ce00000|  0%| F|  |TAMS 0x000000008cd00000, 0x000000008cd00000| Untracked 
|  72|0x000000008ce00000, 0x000000008ce00000, 0x000000008cf00000|  0%| F|  |TAMS 0x000000008ce00000, 0x000000008ce00000| Untracked 
|  73|0x000000008cf00000, 0x000000008cf00000, 0x000000008d000000|  0%| F|  |TAMS 0x000000008cf00000, 0x000000008cf00000| Untracked 
|  74|0x000000008d000000, 0x000000008d000000, 0x000000008d100000|  0%| F|  |TAMS 0x000000008d000000, 0x000000008d000000| Untracked 
|  75|0x000000008d100000, 0x000000008d100000, 0x000000008d200000|  0%| F|  |TAMS 0x000000008d100000, 0x000000008d100000| Untracked 
|  76|0x000000008d200000, 0x000000008d200000, 0x000000008d300000|  0%| F|  |TAMS 0x000000008d200000, 0x000000008d200000| Untracked 
|  77|0x000000008d300000, 0x000000008d300000, 0x000000008d400000|  0%| F|  |TAMS 0x000000008d300000, 0x000000008d300000| Untracked 
|  78|0x000000008d400000, 0x000000008d400000, 0x000000008d500000|  0%| F|  |TAMS 0x000000008d400000, 0x000000008d400000| Untracked 
|  79|0x000000008d500000, 0x000000008d500000, 0x000000008d600000|  0%| F|  |TAMS 0x000000008d500000, 0x000000008d500000| Untracked 
|  80|0x000000008d600000, 0x000000008d600000, 0x000000008d700000|  0%| F|  |TAMS 0x000000008d600000, 0x000000008d600000| Untracked 
|  81|0x000000008d700000, 0x000000008d700000, 0x000000008d800000|  0%| F|  |TAMS 0x000000008d700000, 0x000000008d700000| Untracked 
|  82|0x000000008d800000, 0x000000008d800000, 0x000000008d900000|  0%| F|  |TAMS 0x000000008d800000, 0x000000008d800000| Untracked 
|  83|0x000000008d900000, 0x000000008d900000, 0x000000008da00000|  0%| F|  |TAMS 0x000000008d900000, 0x000000008d900000| Untracked 
|  84|0x000000008da00000, 0x000000008da00000, 0x000000008db00000|  0%| F|  |TAMS 0x000000008da00000, 0x000000008da00000| Untracked 
|  85|0x000000008db00000, 0x000000008db00000, 0x000000008dc00000|  0%| F|  |TAMS 0x000000008db00000, 0x000000008db00000| Untracked 
|  86|0x000000008dc00000, 0x000000008dc00000, 0x000000008dd00000|  0%| F|  |TAMS 0x000000008dc00000, 0x000000008dc00000| Untracked 
|  87|0x000000008dd00000, 0x000000008dd00000, 0x000000008de00000|  0%| F|  |TAMS 0x000000008dd00000, 0x000000008dd00000| Untracked 
|  88|0x000000008de00000, 0x000000008de00000, 0x000000008df00000|  0%| F|  |TAMS 0x000000008de00000, 0x000000008de00000| Untracked 
|  89|0x000000008df00000, 0x000000008df00000, 0x000000008e000000|  0%| F|  |TAMS 0x000000008df00000, 0x000000008df00000| Untracked 
|  90|0x000000008e000000, 0x000000008e000000, 0x000000008e100000|  0%| F|  |TAMS 0x000000008e000000, 0x000000008e000000| Untracked 
|  91|0x000000008e100000, 0x000000008e100000, 0x000000008e200000|  0%| F|  |TAMS 0x000000008e100000, 0x000000008e100000| Untracked 
|  92|0x000000008e200000, 0x000000008e200000, 0x000000008e300000|  0%| F|  |TAMS 0x000000008e200000, 0x000000008e200000| Untracked 
|  93|0x000000008e300000, 0x000000008e300000, 0x000000008e400000|  0%| F|  |TAMS 0x000000008e300000, 0x000000008e300000| Untracked 
|  94|0x000000008e400000, 0x000000008e400000, 0x000000008e500000|  0%| F|  |TAMS 0x000000008e400000, 0x000000008e400000| Untracked 
|  95|0x000000008e500000, 0x000000008e500000, 0x000000008e600000|  0%| F|  |TAMS 0x000000008e500000, 0x000000008e500000| Untracked 
|  96|0x000000008e600000, 0x000000008e600000, 0x000000008e700000|  0%| F|  |TAMS 0x000000008e600000, 0x000000008e600000| Untracked 
|  97|0x000000008e700000, 0x000000008e700000, 0x000000008e800000|  0%| F|  |TAMS 0x000000008e700000, 0x000000008e700000| Untracked 
|  98|0x000000008e800000, 0x000000008e800000, 0x000000008e900000|  0%| F|  |TAMS 0x000000008e800000, 0x000000008e800000| Untracked 
|  99|0x000000008e900000, 0x000000008e900000, 0x000000008ea00000|  0%| F|  |TAMS 0x000000008e900000, 0x000000008e900000| Untracked 
| 100|0x000000008ea00000, 0x000000008ea00000, 0x000000008eb00000|  0%| F|  |TAMS 0x000000008ea00000, 0x000000008ea00000| Untracked 
| 101|0x000000008eb00000, 0x000000008eb00000, 0x000000008ec00000|  0%| F|  |TAMS 0x000000008eb00000, 0x000000008eb00000| Untracked 
| 102|0x000000008ec00000, 0x000000008ec00000, 0x000000008ed00000|  0%| F|  |TAMS 0x000000008ec00000, 0x000000008ec00000| Untracked 
| 103|0x000000008ed00000, 0x000000008ed00000, 0x000000008ee00000|  0%| F|  |TAMS 0x000000008ed00000, 0x000000008ed00000| Untracked 
| 104|0x000000008ee00000, 0x000000008ee00000, 0x000000008ef00000|  0%| F|  |TAMS 0x000000008ee00000, 0x000000008ee00000| Untracked 
| 105|0x000000008ef00000, 0x000000008ef00000, 0x000000008f000000|  0%| F|  |TAMS 0x000000008ef00000, 0x000000008ef00000| Untracked 
| 106|0x000000008f000000, 0x000000008f000000, 0x000000008f100000|  0%| F|  |TAMS 0x000000008f000000, 0x000000008f000000| Untracked 
| 107|0x000000008f100000, 0x000000008f100000, 0x000000008f200000|  0%| F|  |TAMS 0x000000008f100000, 0x000000008f100000| Untracked 
| 108|0x000000008f200000, 0x000000008f200000, 0x000000008f300000|  0%| F|  |TAMS 0x000000008f200000, 0x000000008f200000| Untracked 
| 109|0x000000008f300000, 0x000000008f300000, 0x000000008f400000|  0%| F|  |TAMS 0x000000008f300000, 0x000000008f300000| Untracked 
| 110|0x000000008f400000, 0x000000008f400000, 0x000000008f500000|  0%| F|  |TAMS 0x000000008f400000, 0x000000008f400000| Untracked 
| 111|0x000000008f500000, 0x000000008f500000, 0x000000008f600000|  0%| F|  |TAMS 0x000000008f500000, 0x000000008f500000| Untracked 
| 112|0x000000008f600000, 0x000000008f600000, 0x000000008f700000|  0%| F|  |TAMS 0x000000008f600000, 0x000000008f600000| Untracked 
| 113|0x000000008f700000, 0x000000008f700000, 0x000000008f800000|  0%| F|  |TAMS 0x000000008f700000, 0x000000008f700000| Untracked 
| 114|0x000000008f800000, 0x000000008f800000, 0x000000008f900000|  0%| F|  |TAMS 0x000000008f800000, 0x000000008f800000| Untracked 
| 115|0x000000008f900000, 0x000000008f900000, 0x000000008fa00000|  0%| F|  |TAMS 0x000000008f900000, 0x000000008f900000| Untracked 
| 116|0x000000008fa00000, 0x000000008fa00000, 0x000000008fb00000|  0%| F|  |TAMS 0x000000008fa00000, 0x000000008fa00000| Untracked 
| 117|0x000000008fb00000, 0x000000008fb00000, 0x000000008fc00000|  0%| F|  |TAMS 0x000000008fb00000, 0x000000008fb00000| Untracked 
| 118|0x000000008fc00000, 0x000000008fc00000, 0x000000008fd00000|  0%| F|  |TAMS 0x000000008fc00000, 0x000000008fc00000| Untracked 
| 119|0x000000008fd00000, 0x000000008fd00000, 0x000000008fe00000|  0%| F|  |TAMS 0x000000008fd00000, 0x000000008fd00000| Untracked 
| 120|0x000000008fe00000, 0x000000008fe00000, 0x000000008ff00000|  0%| F|  |TAMS 0x000000008fe00000, 0x000000008fe00000| Untracked 
| 121|0x000000008ff00000, 0x000000008ff00000, 0x0000000090000000|  0%| F|  |TAMS 0x000000008ff00000, 0x000000008ff00000| Untracked 
| 122|0x0000000090000000, 0x0000000090000000, 0x0000000090100000|  0%| F|  |TAMS 0x0000000090000000, 0x0000000090000000| Untracked 
| 123|0x0000000090100000, 0x0000000090100000, 0x0000000090200000|  0%| F|  |TAMS 0x0000000090100000, 0x0000000090100000| Untracked 
| 124|0x0000000090200000, 0x0000000090200000, 0x0000000090300000|  0%| F|  |TAMS 0x0000000090200000, 0x0000000090200000| Untracked 
| 125|0x0000000090300000, 0x0000000090300000, 0x0000000090400000|  0%| F|  |TAMS 0x0000000090300000, 0x0000000090300000| Untracked 
| 126|0x0000000090400000, 0x0000000090400000, 0x0000000090500000|  0%| F|  |TAMS 0x0000000090400000, 0x0000000090400000| Untracked 
| 127|0x0000000090500000, 0x0000000090500000, 0x0000000090600000|  0%| F|  |TAMS 0x0000000090500000, 0x0000000090500000| Untracked 
| 128|0x0000000090600000, 0x0000000090600000, 0x0000000090700000|  0%| F|  |TAMS 0x0000000090600000, 0x0000000090600000| Untracked 
| 129|0x0000000090700000, 0x0000000090700000, 0x0000000090800000|  0%| F|  |TAMS 0x0000000090700000, 0x0000000090700000| Untracked 
| 130|0x0000000090800000, 0x0000000090800000, 0x0000000090900000|  0%| F|  |TAMS 0x0000000090800000, 0x0000000090800000| Untracked 
| 131|0x0000000090900000, 0x0000000090900000, 0x0000000090a00000|  0%| F|  |TAMS 0x0000000090900000, 0x0000000090900000| Untracked 
| 132|0x0000000090a00000, 0x0000000090a00000, 0x0000000090b00000|  0%| F|  |TAMS 0x0000000090a00000, 0x0000000090a00000| Untracked 
| 133|0x0000000090b00000, 0x0000000090b00000, 0x0000000090c00000|  0%| F|  |TAMS 0x0000000090b00000, 0x0000000090b00000| Untracked 
| 134|0x0000000090c00000, 0x0000000090c00000, 0x0000000090d00000|  0%| F|  |TAMS 0x0000000090c00000, 0x0000000090c00000| Untracked 
| 135|0x0000000090d00000, 0x0000000090d00000, 0x0000000090e00000|  0%| F|  |TAMS 0x0000000090d00000, 0x0000000090d00000| Untracked 
| 136|0x0000000090e00000, 0x0000000090e00000, 0x0000000090f00000|  0%| F|  |TAMS 0x0000000090e00000, 0x0000000090e00000| Untracked 
| 137|0x0000000090f00000, 0x0000000090f00000, 0x0000000091000000|  0%| F|  |TAMS 0x0000000090f00000, 0x0000000090f00000| Untracked 
| 138|0x0000000091000000, 0x0000000091000000, 0x0000000091100000|  0%| F|  |TAMS 0x0000000091000000, 0x0000000091000000| Untracked 
| 139|0x0000000091100000, 0x0000000091100000, 0x0000000091200000|  0%| F|  |TAMS 0x0000000091100000, 0x0000000091100000| Untracked 
| 140|0x0000000091200000, 0x0000000091200000, 0x0000000091300000|  0%| F|  |TAMS 0x0000000091200000, 0x0000000091200000| Untracked 
| 141|0x0000000091300000, 0x0000000091300000, 0x0000000091400000|  0%| F|  |TAMS 0x0000000091300000, 0x0000000091300000| Untracked 
| 142|0x0000000091400000, 0x0000000091400000, 0x0000000091500000|  0%| F|  |TAMS 0x0000000091400000, 0x0000000091400000| Untracked 
| 143|0x0000000091500000, 0x0000000091500000, 0x0000000091600000|  0%| F|  |TAMS 0x0000000091500000, 0x0000000091500000| Untracked 
| 144|0x0000000091600000, 0x0000000091600000, 0x0000000091700000|  0%| F|  |TAMS 0x0000000091600000, 0x0000000091600000| Untracked 
| 145|0x0000000091700000, 0x0000000091700000, 0x0000000091800000|  0%| F|  |TAMS 0x0000000091700000, 0x0000000091700000| Untracked 
| 146|0x0000000091800000, 0x0000000091800000, 0x0000000091900000|  0%| F|  |TAMS 0x0000000091800000, 0x0000000091800000| Untracked 
| 147|0x0000000091900000, 0x0000000091900000, 0x0000000091a00000|  0%| F|  |TAMS 0x0000000091900000, 0x0000000091900000| Untracked 
| 148|0x0000000091a00000, 0x0000000091a00000, 0x0000000091b00000|  0%| F|  |TAMS 0x0000000091a00000, 0x0000000091a00000| Untracked 
| 149|0x0000000091b00000, 0x0000000091b00000, 0x0000000091c00000|  0%| F|  |TAMS 0x0000000091b00000, 0x0000000091b00000| Untracked 
| 150|0x0000000091c00000, 0x0000000091c00000, 0x0000000091d00000|  0%| F|  |TAMS 0x0000000091c00000, 0x0000000091c00000| Untracked 
| 151|0x0000000091d00000, 0x0000000091d00000, 0x0000000091e00000|  0%| F|  |TAMS 0x0000000091d00000, 0x0000000091d00000| Untracked 
| 152|0x0000000091e00000, 0x0000000091e00000, 0x0000000091f00000|  0%| F|  |TAMS 0x0000000091e00000, 0x0000000091e00000| Untracked 
| 153|0x0000000091f00000, 0x0000000091f00000, 0x0000000092000000|  0%| F|  |TAMS 0x0000000091f00000, 0x0000000091f00000| Untracked 
| 154|0x0000000092000000, 0x0000000092000000, 0x0000000092100000|  0%| F|  |TAMS 0x0000000092000000, 0x0000000092000000| Untracked 
| 155|0x0000000092100000, 0x0000000092100000, 0x0000000092200000|  0%| F|  |TAMS 0x0000000092100000, 0x0000000092100000| Untracked 
| 156|0x0000000092200000, 0x0000000092200000, 0x0000000092300000|  0%| F|  |TAMS 0x0000000092200000, 0x0000000092200000| Untracked 
| 157|0x0000000092300000, 0x0000000092300000, 0x0000000092400000|  0%| F|  |TAMS 0x0000000092300000, 0x0000000092300000| Untracked 
| 158|0x0000000092400000, 0x0000000092400000, 0x0000000092500000|  0%| F|  |TAMS 0x0000000092400000, 0x0000000092400000| Untracked 
| 159|0x0000000092500000, 0x0000000092500000, 0x0000000092600000|  0%| F|  |TAMS 0x0000000092500000, 0x0000000092500000| Untracked 
| 160|0x0000000092600000, 0x0000000092600000, 0x0000000092700000|  0%| F|  |TAMS 0x0000000092600000, 0x0000000092600000| Untracked 
| 161|0x0000000092700000, 0x0000000092700000, 0x0000000092800000|  0%| F|  |TAMS 0x0000000092700000, 0x0000000092700000| Untracked 
| 162|0x0000000092800000, 0x0000000092800000, 0x0000000092900000|  0%| F|  |TAMS 0x0000000092800000, 0x0000000092800000| Untracked 
| 163|0x0000000092900000, 0x0000000092900000, 0x0000000092a00000|  0%| F|  |TAMS 0x0000000092900000, 0x0000000092900000| Untracked 
| 164|0x0000000092a00000, 0x0000000092a00000, 0x0000000092b00000|  0%| F|  |TAMS 0x0000000092a00000, 0x0000000092a00000| Untracked 
| 165|0x0000000092b00000, 0x0000000092b00000, 0x0000000092c00000|  0%| F|  |TAMS 0x0000000092b00000, 0x0000000092b00000| Untracked 
| 166|0x0000000092c00000, 0x0000000092c00000, 0x0000000092d00000|  0%| F|  |TAMS 0x0000000092c00000, 0x0000000092c00000| Untracked 
| 167|0x0000000092d00000, 0x0000000092d00000, 0x0000000092e00000|  0%| F|  |TAMS 0x0000000092d00000, 0x0000000092d00000| Untracked 
| 168|0x0000000092e00000, 0x0000000092e00000, 0x0000000092f00000|  0%| F|  |TAMS 0x0000000092e00000, 0x0000000092e00000| Untracked 
| 169|0x0000000092f00000, 0x0000000092f00000, 0x0000000093000000|  0%| F|  |TAMS 0x0000000092f00000, 0x0000000092f00000| Untracked 
| 170|0x0000000093000000, 0x0000000093000000, 0x0000000093100000|  0%| F|  |TAMS 0x0000000093000000, 0x0000000093000000| Untracked 
| 171|0x0000000093100000, 0x0000000093100000, 0x0000000093200000|  0%| F|  |TAMS 0x0000000093100000, 0x0000000093100000| Untracked 
| 172|0x0000000093200000, 0x0000000093200000, 0x0000000093300000|  0%| F|  |TAMS 0x0000000093200000, 0x0000000093200000| Untracked 
| 173|0x0000000093300000, 0x0000000093300000, 0x0000000093400000|  0%| F|  |TAMS 0x0000000093300000, 0x0000000093300000| Untracked 
| 174|0x0000000093400000, 0x0000000093400000, 0x0000000093500000|  0%| F|  |TAMS 0x0000000093400000, 0x0000000093400000| Untracked 
| 175|0x0000000093500000, 0x0000000093500000, 0x0000000093600000|  0%| F|  |TAMS 0x0000000093500000, 0x0000000093500000| Untracked 
| 176|0x0000000093600000, 0x0000000093600000, 0x0000000093700000|  0%| F|  |TAMS 0x0000000093600000, 0x0000000093600000| Untracked 
| 177|0x0000000093700000, 0x0000000093700000, 0x0000000093800000|  0%| F|  |TAMS 0x0000000093700000, 0x0000000093700000| Untracked 
| 178|0x0000000093800000, 0x0000000093800000, 0x0000000093900000|  0%| F|  |TAMS 0x0000000093800000, 0x0000000093800000| Untracked 
| 179|0x0000000093900000, 0x0000000093900000, 0x0000000093a00000|  0%| F|  |TAMS 0x0000000093900000, 0x0000000093900000| Untracked 
| 180|0x0000000093a00000, 0x0000000093a00000, 0x0000000093b00000|  0%| F|  |TAMS 0x0000000093a00000, 0x0000000093a00000| Untracked 
| 181|0x0000000093b00000, 0x0000000093b00000, 0x0000000093c00000|  0%| F|  |TAMS 0x0000000093b00000, 0x0000000093b00000| Untracked 
| 182|0x0000000093c00000, 0x0000000093c00000, 0x0000000093d00000|  0%| F|  |TAMS 0x0000000093c00000, 0x0000000093c00000| Untracked 
| 183|0x0000000093d00000, 0x0000000093d00000, 0x0000000093e00000|  0%| F|  |TAMS 0x0000000093d00000, 0x0000000093d00000| Untracked 
| 184|0x0000000093e00000, 0x0000000093e00000, 0x0000000093f00000|  0%| F|  |TAMS 0x0000000093e00000, 0x0000000093e00000| Untracked 
| 185|0x0000000093f00000, 0x0000000093f00000, 0x0000000094000000|  0%| F|  |TAMS 0x0000000093f00000, 0x0000000093f00000| Untracked 
| 186|0x0000000094000000, 0x0000000094000000, 0x0000000094100000|  0%| F|  |TAMS 0x0000000094000000, 0x0000000094000000| Untracked 
| 187|0x0000000094100000, 0x0000000094100000, 0x0000000094200000|  0%| F|  |TAMS 0x0000000094100000, 0x0000000094100000| Untracked 
| 188|0x0000000094200000, 0x0000000094200000, 0x0000000094300000|  0%| F|  |TAMS 0x0000000094200000, 0x0000000094200000| Untracked 
| 189|0x0000000094300000, 0x0000000094300000, 0x0000000094400000|  0%| F|  |TAMS 0x0000000094300000, 0x0000000094300000| Untracked 
| 190|0x0000000094400000, 0x0000000094400000, 0x0000000094500000|  0%| F|  |TAMS 0x0000000094400000, 0x0000000094400000| Untracked 
| 191|0x0000000094500000, 0x0000000094500000, 0x0000000094600000|  0%| F|  |TAMS 0x0000000094500000, 0x0000000094500000| Untracked 
| 192|0x0000000094600000, 0x0000000094600000, 0x0000000094700000|  0%| F|  |TAMS 0x0000000094600000, 0x0000000094600000| Untracked 
| 193|0x0000000094700000, 0x0000000094700000, 0x0000000094800000|  0%| F|  |TAMS 0x0000000094700000, 0x0000000094700000| Untracked 
| 194|0x0000000094800000, 0x0000000094800000, 0x0000000094900000|  0%| F|  |TAMS 0x0000000094800000, 0x0000000094800000| Untracked 
| 195|0x0000000094900000, 0x0000000094900000, 0x0000000094a00000|  0%| F|  |TAMS 0x0000000094900000, 0x0000000094900000| Untracked 
| 196|0x0000000094a00000, 0x0000000094a00000, 0x0000000094b00000|  0%| F|  |TAMS 0x0000000094a00000, 0x0000000094a00000| Untracked 
| 197|0x0000000094b00000, 0x0000000094b00000, 0x0000000094c00000|  0%| F|  |TAMS 0x0000000094b00000, 0x0000000094b00000| Untracked 
| 198|0x0000000094c00000, 0x0000000094c00000, 0x0000000094d00000|  0%| F|  |TAMS 0x0000000094c00000, 0x0000000094c00000| Untracked 
| 199|0x0000000094d00000, 0x0000000094d00000, 0x0000000094e00000|  0%| F|  |TAMS 0x0000000094d00000, 0x0000000094d00000| Untracked 
| 200|0x0000000094e00000, 0x0000000094e00000, 0x0000000094f00000|  0%| F|  |TAMS 0x0000000094e00000, 0x0000000094e00000| Untracked 
| 201|0x0000000094f00000, 0x0000000094f00000, 0x0000000095000000|  0%| F|  |TAMS 0x0000000094f00000, 0x0000000094f00000| Untracked 
| 202|0x0000000095000000, 0x0000000095000000, 0x0000000095100000|  0%| F|  |TAMS 0x0000000095000000, 0x0000000095000000| Untracked 
| 203|0x0000000095100000, 0x0000000095100000, 0x0000000095200000|  0%| F|  |TAMS 0x0000000095100000, 0x0000000095100000| Untracked 
| 204|0x0000000095200000, 0x0000000095200000, 0x0000000095300000|  0%| F|  |TAMS 0x0000000095200000, 0x0000000095200000| Untracked 
| 205|0x0000000095300000, 0x0000000095300000, 0x0000000095400000|  0%| F|  |TAMS 0x0000000095300000, 0x0000000095300000| Untracked 
| 206|0x0000000095400000, 0x0000000095400000, 0x0000000095500000|  0%| F|  |TAMS 0x0000000095400000, 0x0000000095400000| Untracked 
| 207|0x0000000095500000, 0x0000000095500000, 0x0000000095600000|  0%| F|  |TAMS 0x0000000095500000, 0x0000000095500000| Untracked 
| 208|0x0000000095600000, 0x0000000095600000, 0x0000000095700000|  0%| F|  |TAMS 0x0000000095600000, 0x0000000095600000| Untracked 
| 209|0x0000000095700000, 0x0000000095700000, 0x0000000095800000|  0%| F|  |TAMS 0x0000000095700000, 0x0000000095700000| Untracked 
| 210|0x0000000095800000, 0x0000000095800000, 0x0000000095900000|  0%| F|  |TAMS 0x0000000095800000, 0x0000000095800000| Untracked 
| 211|0x0000000095900000, 0x0000000095900000, 0x0000000095a00000|  0%| F|  |TAMS 0x0000000095900000, 0x0000000095900000| Untracked 
| 212|0x0000000095a00000, 0x0000000095a00000, 0x0000000095b00000|  0%| F|  |TAMS 0x0000000095a00000, 0x0000000095a00000| Untracked 
| 213|0x0000000095b00000, 0x0000000095b00000, 0x0000000095c00000|  0%| F|  |TAMS 0x0000000095b00000, 0x0000000095b00000| Untracked 
| 214|0x0000000095c00000, 0x0000000095c00000, 0x0000000095d00000|  0%| F|  |TAMS 0x0000000095c00000, 0x0000000095c00000| Untracked 
| 215|0x0000000095d00000, 0x0000000095d00000, 0x0000000095e00000|  0%| F|  |TAMS 0x0000000095d00000, 0x0000000095d00000| Untracked 
| 216|0x0000000095e00000, 0x0000000095e00000, 0x0000000095f00000|  0%| F|  |TAMS 0x0000000095e00000, 0x0000000095e00000| Untracked 
| 217|0x0000000095f00000, 0x0000000095f00000, 0x0000000096000000|  0%| F|  |TAMS 0x0000000095f00000, 0x0000000095f00000| Untracked 
| 218|0x0000000096000000, 0x0000000096000000, 0x0000000096100000|  0%| F|  |TAMS 0x0000000096000000, 0x0000000096000000| Untracked 
| 219|0x0000000096100000, 0x0000000096100000, 0x0000000096200000|  0%| F|  |TAMS 0x0000000096100000, 0x0000000096100000| Untracked 
| 220|0x0000000096200000, 0x0000000096200000, 0x0000000096300000|  0%| F|  |TAMS 0x0000000096200000, 0x0000000096200000| Untracked 
| 221|0x0000000096300000, 0x0000000096300000, 0x0000000096400000|  0%| F|  |TAMS 0x0000000096300000, 0x0000000096300000| Untracked 
| 222|0x0000000096400000, 0x0000000096400000, 0x0000000096500000|  0%| F|  |TAMS 0x0000000096400000, 0x0000000096400000| Untracked 
| 223|0x0000000096500000, 0x0000000096500000, 0x0000000096600000|  0%| F|  |TAMS 0x0000000096500000, 0x0000000096500000| Untracked 
| 224|0x0000000096600000, 0x0000000096600000, 0x0000000096700000|  0%| F|  |TAMS 0x0000000096600000, 0x0000000096600000| Untracked 
| 225|0x0000000096700000, 0x0000000096700000, 0x0000000096800000|  0%| F|  |TAMS 0x0000000096700000, 0x0000000096700000| Untracked 
| 226|0x0000000096800000, 0x0000000096800000, 0x0000000096900000|  0%| F|  |TAMS 0x0000000096800000, 0x0000000096800000| Untracked 
| 227|0x0000000096900000, 0x0000000096900000, 0x0000000096a00000|  0%| F|  |TAMS 0x0000000096900000, 0x0000000096900000| Untracked 
| 228|0x0000000096a00000, 0x0000000096a00000, 0x0000000096b00000|  0%| F|  |TAMS 0x0000000096a00000, 0x0000000096a00000| Untracked 
| 229|0x0000000096b00000, 0x0000000096b00000, 0x0000000096c00000|  0%| F|  |TAMS 0x0000000096b00000, 0x0000000096b00000| Untracked 
| 230|0x0000000096c00000, 0x0000000096c00000, 0x0000000096d00000|  0%| F|  |TAMS 0x0000000096c00000, 0x0000000096c00000| Untracked 
| 231|0x0000000096d00000, 0x0000000096d00000, 0x0000000096e00000|  0%| F|  |TAMS 0x0000000096d00000, 0x0000000096d00000| Untracked 
| 232|0x0000000096e00000, 0x0000000096e00000, 0x0000000096f00000|  0%| F|  |TAMS 0x0000000096e00000, 0x0000000096e00000| Untracked 
| 233|0x0000000096f00000, 0x0000000096f00000, 0x0000000097000000|  0%| F|  |TAMS 0x0000000096f00000, 0x0000000096f00000| Untracked 
| 234|0x0000000097000000, 0x0000000097000000, 0x0000000097100000|  0%| F|  |TAMS 0x0000000097000000, 0x0000000097000000| Untracked 
| 235|0x0000000097100000, 0x0000000097100000, 0x0000000097200000|  0%| F|  |TAMS 0x0000000097100000, 0x0000000097100000| Untracked 
| 236|0x0000000097200000, 0x0000000097200000, 0x0000000097300000|  0%| F|  |TAMS 0x0000000097200000, 0x0000000097200000| Untracked 
| 237|0x0000000097300000, 0x0000000097300000, 0x0000000097400000|  0%| F|  |TAMS 0x0000000097300000, 0x0000000097300000| Untracked 
| 238|0x0000000097400000, 0x0000000097400000, 0x0000000097500000|  0%| F|  |TAMS 0x0000000097400000, 0x0000000097400000| Untracked 
| 239|0x0000000097500000, 0x0000000097500000, 0x0000000097600000|  0%| F|  |TAMS 0x0000000097500000, 0x0000000097500000| Untracked 
| 240|0x0000000097600000, 0x0000000097600000, 0x0000000097700000|  0%| F|  |TAMS 0x0000000097600000, 0x0000000097600000| Untracked 
| 241|0x0000000097700000, 0x0000000097700000, 0x0000000097800000|  0%| F|  |TAMS 0x0000000097700000, 0x0000000097700000| Untracked 
| 242|0x0000000097800000, 0x0000000097800000, 0x0000000097900000|  0%| F|  |TAMS 0x0000000097800000, 0x0000000097800000| Untracked 
| 243|0x0000000097900000, 0x0000000097900000, 0x0000000097a00000|  0%| F|  |TAMS 0x0000000097900000, 0x0000000097900000| Untracked 
| 244|0x0000000097a00000, 0x0000000097a00000, 0x0000000097b00000|  0%| F|  |TAMS 0x0000000097a00000, 0x0000000097a00000| Untracked 
| 245|0x0000000097b00000, 0x0000000097b00000, 0x0000000097c00000|  0%| F|  |TAMS 0x0000000097b00000, 0x0000000097b00000| Untracked 
| 246|0x0000000097c00000, 0x0000000097c00000, 0x0000000097d00000|  0%| F|  |TAMS 0x0000000097c00000, 0x0000000097c00000| Untracked 
| 247|0x0000000097d00000, 0x0000000097d00000, 0x0000000097e00000|  0%| F|  |TAMS 0x0000000097d00000, 0x0000000097d00000| Untracked 
| 248|0x0000000097e00000, 0x0000000097e00000, 0x0000000097f00000|  0%| F|  |TAMS 0x0000000097e00000, 0x0000000097e00000| Untracked 
| 249|0x0000000097f00000, 0x0000000097f00000, 0x0000000098000000|  0%| F|  |TAMS 0x0000000097f00000, 0x0000000097f00000| Untracked 
| 250|0x0000000098000000, 0x0000000098000000, 0x0000000098100000|  0%| F|  |TAMS 0x0000000098000000, 0x0000000098000000| Untracked 
| 251|0x0000000098100000, 0x0000000098100000, 0x0000000098200000|  0%| F|  |TAMS 0x0000000098100000, 0x0000000098100000| Untracked 
| 252|0x0000000098200000, 0x0000000098200000, 0x0000000098300000|  0%| F|  |TAMS 0x0000000098200000, 0x0000000098200000| Untracked 
| 253|0x0000000098300000, 0x0000000098300000, 0x0000000098400000|  0%| F|  |TAMS 0x0000000098300000, 0x0000000098300000| Untracked 
| 254|0x0000000098400000, 0x0000000098400000, 0x0000000098500000|  0%| F|  |TAMS 0x0000000098400000, 0x0000000098400000| Untracked 
| 255|0x0000000098500000, 0x0000000098500000, 0x0000000098600000|  0%| F|  |TAMS 0x0000000098500000, 0x0000000098500000| Untracked 
| 256|0x0000000098600000, 0x0000000098600000, 0x0000000098700000|  0%| F|  |TAMS 0x0000000098600000, 0x0000000098600000| Untracked 
| 257|0x0000000098700000, 0x0000000098700000, 0x0000000098800000|  0%| F|  |TAMS 0x0000000098700000, 0x0000000098700000| Untracked 
| 258|0x0000000098800000, 0x0000000098800000, 0x0000000098900000|  0%| F|  |TAMS 0x0000000098800000, 0x0000000098800000| Untracked 
| 259|0x0000000098900000, 0x0000000098900000, 0x0000000098a00000|  0%| F|  |TAMS 0x0000000098900000, 0x0000000098900000| Untracked 
| 260|0x0000000098a00000, 0x0000000098a00000, 0x0000000098b00000|  0%| F|  |TAMS 0x0000000098a00000, 0x0000000098a00000| Untracked 
| 261|0x0000000098b00000, 0x0000000098b00000, 0x0000000098c00000|  0%| F|  |TAMS 0x0000000098b00000, 0x0000000098b00000| Untracked 
| 262|0x0000000098c00000, 0x0000000098c00000, 0x0000000098d00000|  0%| F|  |TAMS 0x0000000098c00000, 0x0000000098c00000| Untracked 
| 263|0x0000000098d00000, 0x0000000098d00000, 0x0000000098e00000|  0%| F|  |TAMS 0x0000000098d00000, 0x0000000098d00000| Untracked 
| 264|0x0000000098e00000, 0x0000000098e00000, 0x0000000098f00000|  0%| F|  |TAMS 0x0000000098e00000, 0x0000000098e00000| Untracked 
| 265|0x0000000098f00000, 0x0000000098f00000, 0x0000000099000000|  0%| F|  |TAMS 0x0000000098f00000, 0x0000000098f00000| Untracked 
| 266|0x0000000099000000, 0x0000000099000000, 0x0000000099100000|  0%| F|  |TAMS 0x0000000099000000, 0x0000000099000000| Untracked 
| 267|0x0000000099100000, 0x0000000099100000, 0x0000000099200000|  0%| F|  |TAMS 0x0000000099100000, 0x0000000099100000| Untracked 
| 268|0x0000000099200000, 0x0000000099200000, 0x0000000099300000|  0%| F|  |TAMS 0x0000000099200000, 0x0000000099200000| Untracked 
| 269|0x0000000099300000, 0x0000000099300000, 0x0000000099400000|  0%| F|  |TAMS 0x0000000099300000, 0x0000000099300000| Untracked 
| 270|0x0000000099400000, 0x0000000099400000, 0x0000000099500000|  0%| F|  |TAMS 0x0000000099400000, 0x0000000099400000| Untracked 
| 271|0x0000000099500000, 0x0000000099500000, 0x0000000099600000|  0%| F|  |TAMS 0x0000000099500000, 0x0000000099500000| Untracked 
| 272|0x0000000099600000, 0x0000000099600000, 0x0000000099700000|  0%| F|  |TAMS 0x0000000099600000, 0x0000000099600000| Untracked 
| 273|0x0000000099700000, 0x0000000099700000, 0x0000000099800000|  0%| F|  |TAMS 0x0000000099700000, 0x0000000099700000| Untracked 
| 274|0x0000000099800000, 0x0000000099800000, 0x0000000099900000|  0%| F|  |TAMS 0x0000000099800000, 0x0000000099800000| Untracked 
| 275|0x0000000099900000, 0x0000000099900000, 0x0000000099a00000|  0%| F|  |TAMS 0x0000000099900000, 0x0000000099900000| Untracked 
| 276|0x0000000099a00000, 0x0000000099a00000, 0x0000000099b00000|  0%| F|  |TAMS 0x0000000099a00000, 0x0000000099a00000| Untracked 
| 277|0x0000000099b00000, 0x0000000099b00000, 0x0000000099c00000|  0%| F|  |TAMS 0x0000000099b00000, 0x0000000099b00000| Untracked 
| 278|0x0000000099c00000, 0x0000000099c00000, 0x0000000099d00000|  0%| F|  |TAMS 0x0000000099c00000, 0x0000000099c00000| Untracked 
| 279|0x0000000099d00000, 0x0000000099d00000, 0x0000000099e00000|  0%| F|  |TAMS 0x0000000099d00000, 0x0000000099d00000| Untracked 
| 280|0x0000000099e00000, 0x0000000099e00000, 0x0000000099f00000|  0%| F|  |TAMS 0x0000000099e00000, 0x0000000099e00000| Untracked 
| 281|0x0000000099f00000, 0x0000000099f00000, 0x000000009a000000|  0%| F|  |TAMS 0x0000000099f00000, 0x0000000099f00000| Untracked 
| 282|0x000000009a000000, 0x000000009a000000, 0x000000009a100000|  0%| F|  |TAMS 0x000000009a000000, 0x000000009a000000| Untracked 
| 283|0x000000009a100000, 0x000000009a100000, 0x000000009a200000|  0%| F|  |TAMS 0x000000009a100000, 0x000000009a100000| Untracked 
| 284|0x000000009a200000, 0x000000009a200000, 0x000000009a300000|  0%| F|  |TAMS 0x000000009a200000, 0x000000009a200000| Untracked 
| 285|0x000000009a300000, 0x000000009a300000, 0x000000009a400000|  0%| F|  |TAMS 0x000000009a300000, 0x000000009a300000| Untracked 
| 286|0x000000009a400000, 0x000000009a400000, 0x000000009a500000|  0%| F|  |TAMS 0x000000009a400000, 0x000000009a400000| Untracked 
| 287|0x000000009a500000, 0x000000009a500000, 0x000000009a600000|  0%| F|  |TAMS 0x000000009a500000, 0x000000009a500000| Untracked 
| 288|0x000000009a600000, 0x000000009a600000, 0x000000009a700000|  0%| F|  |TAMS 0x000000009a600000, 0x000000009a600000| Untracked 
| 289|0x000000009a700000, 0x000000009a700000, 0x000000009a800000|  0%| F|  |TAMS 0x000000009a700000, 0x000000009a700000| Untracked 
| 290|0x000000009a800000, 0x000000009a800000, 0x000000009a900000|  0%| F|  |TAMS 0x000000009a800000, 0x000000009a800000| Untracked 
| 291|0x000000009a900000, 0x000000009a900000, 0x000000009aa00000|  0%| F|  |TAMS 0x000000009a900000, 0x000000009a900000| Untracked 
| 292|0x000000009aa00000, 0x000000009aa00000, 0x000000009ab00000|  0%| F|  |TAMS 0x000000009aa00000, 0x000000009aa00000| Untracked 
| 293|0x000000009ab00000, 0x000000009ab00000, 0x000000009ac00000|  0%| F|  |TAMS 0x000000009ab00000, 0x000000009ab00000| Untracked 
| 294|0x000000009ac00000, 0x000000009ac00000, 0x000000009ad00000|  0%| F|  |TAMS 0x000000009ac00000, 0x000000009ac00000| Untracked 
| 295|0x000000009ad00000, 0x000000009ad00000, 0x000000009ae00000|  0%| F|  |TAMS 0x000000009ad00000, 0x000000009ad00000| Untracked 
| 296|0x000000009ae00000, 0x000000009ae00000, 0x000000009af00000|  0%| F|  |TAMS 0x000000009ae00000, 0x000000009ae00000| Untracked 
| 297|0x000000009af00000, 0x000000009af00000, 0x000000009b000000|  0%| F|  |TAMS 0x000000009af00000, 0x000000009af00000| Untracked 
| 298|0x000000009b000000, 0x000000009b000000, 0x000000009b100000|  0%| F|  |TAMS 0x000000009b000000, 0x000000009b000000| Untracked 
| 299|0x000000009b100000, 0x000000009b100000, 0x000000009b200000|  0%| F|  |TAMS 0x000000009b100000, 0x000000009b100000| Untracked 
| 300|0x000000009b200000, 0x000000009b200000, 0x000000009b300000|  0%| F|  |TAMS 0x000000009b200000, 0x000000009b200000| Untracked 
| 301|0x000000009b300000, 0x000000009b300000, 0x000000009b400000|  0%| F|  |TAMS 0x000000009b300000, 0x000000009b300000| Untracked 
| 302|0x000000009b400000, 0x000000009b400000, 0x000000009b500000|  0%| F|  |TAMS 0x000000009b400000, 0x000000009b400000| Untracked 
| 303|0x000000009b500000, 0x000000009b500000, 0x000000009b600000|  0%| F|  |TAMS 0x000000009b500000, 0x000000009b500000| Untracked 
| 304|0x000000009b600000, 0x000000009b600000, 0x000000009b700000|  0%| F|  |TAMS 0x000000009b600000, 0x000000009b600000| Untracked 
| 305|0x000000009b700000, 0x000000009b700000, 0x000000009b800000|  0%| F|  |TAMS 0x000000009b700000, 0x000000009b700000| Untracked 
| 306|0x000000009b800000, 0x000000009b800000, 0x000000009b900000|  0%| F|  |TAMS 0x000000009b800000, 0x000000009b800000| Untracked 
| 307|0x000000009b900000, 0x000000009b900000, 0x000000009ba00000|  0%| F|  |TAMS 0x000000009b900000, 0x000000009b900000| Untracked 
| 308|0x000000009ba00000, 0x000000009ba00000, 0x000000009bb00000|  0%| F|  |TAMS 0x000000009ba00000, 0x000000009ba00000| Untracked 
| 309|0x000000009bb00000, 0x000000009bb00000, 0x000000009bc00000|  0%| F|  |TAMS 0x000000009bb00000, 0x000000009bb00000| Untracked 
| 310|0x000000009bc00000, 0x000000009bc00000, 0x000000009bd00000|  0%| F|  |TAMS 0x000000009bc00000, 0x000000009bc00000| Untracked 
| 311|0x000000009bd00000, 0x000000009bd00000, 0x000000009be00000|  0%| F|  |TAMS 0x000000009bd00000, 0x000000009bd00000| Untracked 
| 312|0x000000009be00000, 0x000000009be00000, 0x000000009bf00000|  0%| F|  |TAMS 0x000000009be00000, 0x000000009be00000| Untracked 
| 313|0x000000009bf00000, 0x000000009bf4b140, 0x000000009c000000| 29%| S|CS|TAMS 0x000000009bf00000, 0x000000009bf00000| Complete 
| 314|0x000000009c000000, 0x000000009c000000, 0x000000009c100000|  0%| F|  |TAMS 0x000000009c000000, 0x000000009c000000| Untracked 
| 315|0x000000009c100000, 0x000000009c100000, 0x000000009c200000|  0%| F|  |TAMS 0x000000009c100000, 0x000000009c100000| Untracked 
| 316|0x000000009c200000, 0x000000009c200000, 0x000000009c300000|  0%| F|  |TAMS 0x000000009c200000, 0x000000009c200000| Untracked 
| 317|0x000000009c300000, 0x000000009c300000, 0x000000009c400000|  0%| F|  |TAMS 0x000000009c300000, 0x000000009c300000| Untracked 
| 318|0x000000009c400000, 0x000000009c400000, 0x000000009c500000|  0%| F|  |TAMS 0x000000009c400000, 0x000000009c400000| Untracked 
| 319|0x000000009c500000, 0x000000009c500000, 0x000000009c600000|  0%| F|  |TAMS 0x000000009c500000, 0x000000009c500000| Untracked 
| 320|0x000000009c600000, 0x000000009c600000, 0x000000009c700000|  0%| F|  |TAMS 0x000000009c600000, 0x000000009c600000| Untracked 
| 321|0x000000009c700000, 0x000000009c700000, 0x000000009c800000|  0%| F|  |TAMS 0x000000009c700000, 0x000000009c700000| Untracked 
| 322|0x000000009c800000, 0x000000009c800000, 0x000000009c900000|  0%| F|  |TAMS 0x000000009c800000, 0x000000009c800000| Untracked 
| 323|0x000000009c900000, 0x000000009c900000, 0x000000009ca00000|  0%| F|  |TAMS 0x000000009c900000, 0x000000009c900000| Untracked 
| 324|0x000000009ca00000, 0x000000009ca00000, 0x000000009cb00000|  0%| F|  |TAMS 0x000000009ca00000, 0x000000009ca00000| Untracked 
| 325|0x000000009cb00000, 0x000000009cb00000, 0x000000009cc00000|  0%| F|  |TAMS 0x000000009cb00000, 0x000000009cb00000| Untracked 
| 326|0x000000009cc00000, 0x000000009cc00000, 0x000000009cd00000|  0%| F|  |TAMS 0x000000009cc00000, 0x000000009cc00000| Untracked 
| 327|0x000000009cd00000, 0x000000009cd00000, 0x000000009ce00000|  0%| F|  |TAMS 0x000000009cd00000, 0x000000009cd00000| Untracked 
| 328|0x000000009ce00000, 0x000000009ce00000, 0x000000009cf00000|  0%| F|  |TAMS 0x000000009ce00000, 0x000000009ce00000| Untracked 
| 329|0x000000009cf00000, 0x000000009cf00000, 0x000000009d000000|  0%| F|  |TAMS 0x000000009cf00000, 0x000000009cf00000| Untracked 
| 330|0x000000009d000000, 0x000000009d000000, 0x000000009d100000|  0%| F|  |TAMS 0x000000009d000000, 0x000000009d000000| Untracked 
| 331|0x000000009d100000, 0x000000009d100000, 0x000000009d200000|  0%| F|  |TAMS 0x000000009d100000, 0x000000009d100000| Untracked 
| 332|0x000000009d200000, 0x000000009d200000, 0x000000009d300000|  0%| F|  |TAMS 0x000000009d200000, 0x000000009d200000| Untracked 

Card table byte_map: [0x00007f04040d5000,0x00007f0404492000] _byte_map_base: 0x00007f0403c92000

Marking Bits (Prev, Next): (CMBitMap*) 0x00007f04000eb0b0, (CMBitMap*) 0x00007f04000eb078
 Prev Bits: [0x00007f0400146000, 0x00007f0401f2e000)
 Next Bits: [0x00007f0401f2e000, 0x00007f0403d16000)

Polling page: 0x00007f0416ef5000

Metaspace:

Usage:
  Non-class:     29.79 MB capacity,    29.33 MB ( 98%) used,   419.31 KB (  1%) free+waste,    52.00 KB ( <1%) overhead. 
      Class:      3.92 MB capacity,     3.68 MB ( 94%) used,   217.53 KB (  5%) free+waste,    21.62 KB ( <1%) overhead. 
       Both:     33.71 MB capacity,    33.02 MB ( 98%) used,   636.84 KB (  2%) free+waste,    73.62 KB ( <1%) overhead. 

Virtual space:
  Non-class space:       32.00 MB reserved,      30.17 MB ( 94%) committed 
      Class space:        1.00 GB reserved,       4.00 MB ( <1%) committed 
             Both:        1.03 GB reserved,      34.17 MB (  3%) committed 

Chunk freelists:
   Non-Class:  244.00 KB
       Class:  20.00 KB
        Both:  264.00 KB

MaxMetaspaceSize: unlimited
CompressedClassSpaceSize: 1.00 GB
Initial GC threshold: 20.80 MB
Current GC threshold: 34.87 MB
CDS: off

CodeHeap 'non-profiled nmethods': size=120036Kb used=2648Kb max_used=2648Kb free=117387Kb
 bounds [0x00007f040c820000, 0x00007f040cac0000, 0x00007f0413d59000]
CodeHeap 'profiled nmethods': size=120032Kb used=12784Kb max_used=12784Kb free=107247Kb
 bounds [0x00007f04052e8000, 0x00007f0405f68000, 0x00007f040c820000]
CodeHeap 'non-nmethods': size=5692Kb used=1205Kb max_used=1236Kb free=4486Kb
 bounds [0x00007f0404d59000, 0x00007f0404fc9000, 0x00007f04052e8000]
 total_blobs=6387 nmethods=5922 adapters=378
 compilation: enabled
              stopped_count=0, restarted_count=0
 full_count=0

Compilation events (20 events):
Event: 404.387 Thread 0x00007f03fcd67800 nmethod 5993 0x00007f040caaa410 code [0x00007f040caaa5c0, 0x00007f040caaad68]
Event: 404.387 Thread 0x00007f03fcd67800 5989       4       java.util.LinkedHashMap$LinkedValues::iterator (12 bytes)
Event: 404.390 Thread 0x00007f03fcd67800 nmethod 5989 0x00007f040caab090 code [0x00007f040caab240, 0x00007f040caab3f8]
Event: 404.403 Thread 0x00007f03fcd67800 6000       4       com.sun.codemodel.JMethod::declare (394 bytes)
Event: 404.410 Thread 0x00007f03fcd68000 6001       3       java.util.LinkedHashMap::afterNodeRemoval (65 bytes)
Event: 404.410 Thread 0x00007f03fcd68000 nmethod 6001 0x00007f0405f62710 code [0x00007f0405f628e0, 0x00007f0405f62d50]
Event: 404.622 Thread 0x00007f03fcd67800 nmethod 6000 0x00007f040caab510 code [0x00007f040caaba80, 0x00007f040caafb48]
Event: 404.622 Thread 0x00007f03fcd67800 6003       4       com.sun.codemodel.JVar::generate (10 bytes)
Event: 404.628 Thread 0x00007f03fcd67800 nmethod 6003 0x00007f040cab3f10 code [0x00007f040cab40c0, 0x00007f040cab4168]
Event: 404.628 Thread 0x00007f03fcd67800 6002       4       com.sun.codemodel.JAtom::generate (10 bytes)
Event: 404.633 Thread 0x00007f03fcd67800 nmethod 6002 0x00007f040cab4210 code [0x00007f040cab43e0, 0x00007f040cab4998]
Event: 404.633 Thread 0x00007f03fcd67800 6004       4       java.util.TreeMap$ValueIterator::next (8 bytes)
Event: 404.636 Thread 0x00007f03fcd67800 nmethod 6004 0x00007f040cab4f10 code [0x00007f040cab50a0, 0x00007f040cab5358]
Event: 404.669 Thread 0x00007f03fcd68000 6006       3       java.util.HashMap$Values::iterator (12 bytes)
Event: 404.672 Thread 0x00007f03fcd67800 6007       4       com.sun.codemodel.JNarrowedClass::generate (27 bytes)
Event: 404.692 Thread 0x00007f03fcd68000 nmethod 6006 0x00007f0405f62e90 code [0x00007f0405f63060, 0x00007f0405f632a0]
Event: 404.692 Thread 0x00007f03fcd68000 6005   !   3       java.io.File::mkdirs (67 bytes)
Event: 404.692 Thread 0x00007f03fcd68000 nmethod 6005 0x00007f0405f63390 code [0x00007f0405f63620, 0x00007f0405f63f20]
Event: 404.697 Thread 0x00007f03fcd67800 nmethod 6007 0x00007f040cab5510 code [0x00007f040cab5740, 0x00007f040cab5dc0]
Event: 404.698 Thread 0x00007f03fcd67800 6008       4       java.util.HashMap::putVal (300 bytes)

GC Heap History (20 events):
Event: 401.992 GC heap after
{Heap after GC invocations=16 (full 0):
 garbage-first heap   total 340992K, used 30439K [0x0000000088600000, 0x0000000100000000)
  region size 1024K, 1 young (1024K), 1 survivors (1024K)
 Metaspace       used 33805K, capacity 34520K, committed 34992K, reserved 1081344K
  class space    used 3772K, capacity 4012K, committed 4096K, reserved 1048576K
}
Event: 402.680 GC heap before
{Heap before GC invocations=16 (full 0):
 garbage-first heap   total 340992K, used 45799K [0x0000000088600000, 0x0000000100000000)
  region size 1024K, 16 young (16384K), 1 survivors (1024K)
 Metaspace       used 33805K, capacity 34520K, committed 34992K, reserved 1081344K
  class space    used 3772K, capacity 4012K, committed 4096K, reserved 1048576K
}
Event: 403.861 GC heap after
{Heap after GC invocations=17 (full 0):
 garbage-first heap   total 340992K, used 30435K [0x0000000088600000, 0x0000000100000000)
  region size 1024K, 1 young (1024K), 1 survivors (1024K)
 Metaspace       used 33805K, capacity 34520K, committed 34992K, reserved 1081344K
  class space    used 3772K, capacity 4012K, committed 4096K, reserved 1048576K
}
Event: 404.059 GC heap before
{Heap before GC invocations=17 (full 0):
 garbage-first heap   total 340992K, used 45795K [0x0000000088600000, 0x0000000100000000)
  region size 1024K, 16 young (16384K), 1 survivors (1024K)
 Metaspace       used 33805K, capacity 34520K, committed 34992K, reserved 1081344K
  class space    used 3772K, capacity 4012K, committed 4096K, reserved 1048576K
}
Event: 404.076 GC heap after
{Heap after GC invocations=18 (full 0):
 garbage-first heap   total 340992K, used 30450K [0x0000000088600000, 0x0000000100000000)
  region size 1024K, 1 young (1024K), 1 survivors (1024K)
 Metaspace       used 33805K, capacity 34520K, committed 34992K, reserved 1081344K
  class space    used 3772K, capacity 4012K, committed 4096K, reserved 1048576K
}
Event: 404.157 GC heap before
{Heap before GC invocations=18 (full 0):
 garbage-first heap   total 340992K, used 45810K [0x0000000088600000, 0x0000000100000000)
  region size 1024K, 16 young (16384K), 1 survivors (1024K)
 Metaspace       used 33807K, capacity 34520K, committed 34992K, reserved 1081344K
  class space    used 3772K, capacity 4012K, committed 4096K, reserved 1048576K
}
Event: 404.172 GC heap after
{Heap after GC invocations=19 (full 0):
 garbage-first heap   total 340992K, used 30496K [0x0000000088600000, 0x0000000100000000)
  region size 1024K, 1 young (1024K), 1 survivors (1024K)
 Metaspace       used 33807K, capacity 34520K, committed 34992K, reserved 1081344K
  class space    used 3772K, capacity 4012K, committed 4096K, reserved 1048576K
}
Event: 404.298 GC heap before
{Heap before GC invocations=19 (full 0):
 garbage-first heap   total 340992K, used 45856K [0x0000000088600000, 0x0000000100000000)
  region size 1024K, 16 young (16384K), 1 survivors (1024K)
 Metaspace       used 33807K, capacity 34520K, committed 34992K, reserved 1081344K
  class space    used 3772K, capacity 4012K, committed 4096K, reserved 1048576K
}
Event: 404.302 GC heap after
{Heap after GC invocations=20 (full 0):
 garbage-first heap   total 340992K, used 30506K [0x0000000088600000, 0x0000000100000000)
  region size 1024K, 1 young (1024K), 1 survivors (1024K)
 Metaspace       used 33807K, capacity 34520K, committed 34992K, reserved 1081344K
  class space    used 3772K, capacity 4012K, committed 4096K, reserved 1048576K
}
Event: 404.351 GC heap before
{Heap before GC invocations=20 (full 0):
 garbage-first heap   total 340992K, used 45866K [0x0000000088600000, 0x0000000100000000)
  region size 1024K, 16 young (16384K), 1 survivors (1024K)
 Metaspace       used 33808K, capacity 34520K, committed 34992K, reserved 1081344K
  class space    used 3772K, capacity 4012K, committed 4096K, reserved 1048576K
}
Event: 404.354 GC heap after
{Heap after GC invocations=21 (full 0):
 garbage-first heap   total 340992K, used 30525K [0x0000000088600000, 0x0000000100000000)
  region size 1024K, 1 young (1024K), 1 survivors (1024K)
 Metaspace       used 33808K, capacity 34520K, committed 34992K, reserved 1081344K
  class space    used 3772K, capacity 4012K, committed 4096K, reserved 1048576K
}
Event: 404.437 GC heap before
{Heap before GC invocations=21 (full 0):
 garbage-first heap   total 340992K, used 45885K [0x0000000088600000, 0x0000000100000000)
  region size 1024K, 16 young (16384K), 1 survivors (1024K)
 Metaspace       used 33809K, capacity 34520K, committed 34992K, reserved 1081344K
  class space    used 3772K, capacity 4012K, committed 4096K, reserved 1048576K
}
Event: 404.449 GC heap after
{Heap after GC invocations=22 (full 0):
 garbage-first heap   total 340992K, used 30528K [0x0000000088600000, 0x0000000100000000)
  region size 1024K, 1 young (1024K), 1 survivors (1024K)
 Metaspace       used 33809K, capacity 34520K, committed 34992K, reserved 1081344K
  class space    used 3772K, capacity 4012K, committed 4096K, reserved 1048576K
}
Event: 404.499 GC heap before
{Heap before GC invocations=22 (full 0):
 garbage-first heap   total 340992K, used 45888K [0x0000000088600000, 0x0000000100000000)
  region size 1024K, 16 young (16384K), 1 survivors (1024K)
 Metaspace       used 33809K, capacity 34520K, committed 34992K, reserved 1081344K
  class space    used 3772K, capacity 4012K, committed 4096K, reserved 1048576K
}
Event: 404.503 GC heap after
{Heap after GC invocations=23 (full 0):
 garbage-first heap   total 340992K, used 30552K [0x0000000088600000, 0x0000000100000000)
  region size 1024K, 1 young (1024K), 1 survivors (1024K)
 Metaspace       used 33809K, capacity 34520K, committed 34992K, reserved 1081344K
  class space    used 3772K, capacity 4012K, committed 4096K, reserved 1048576K
}
Event: 404.555 GC heap before
{Heap before GC invocations=23 (full 0):
 garbage-first heap   total 340992K, used 45912K [0x0000000088600000, 0x0000000100000000)
  region size 1024K, 16 young (16384K), 1 survivors (1024K)
 Metaspace       used 33809K, capacity 34520K, committed 34992K, reserved 1081344K
  class space    used 3772K, capacity 4012K, committed 4096K, reserved 1048576K
}
Event: 404.560 GC heap after
{Heap after GC invocations=24 (full 0):
 garbage-first heap   total 340992K, used 30602K [0x0000000088600000, 0x0000000100000000)
  region size 1024K, 1 young (1024K), 1 survivors (1024K)
 Metaspace       used 33809K, capacity 34520K, committed 34992K, reserved 1081344K
  class space    used 3772K, capacity 4012K, committed 4096K, reserved 1048576K
}
Event: 404.643 GC heap before
{Heap before GC invocations=24 (full 0):
 garbage-first heap   total 340992K, used 45962K [0x0000000088600000, 0x0000000100000000)
  region size 1024K, 16 young (16384K), 1 survivors (1024K)
 Metaspace       used 33809K, capacity 34520K, committed 34992K, reserved 1081344K
  class space    used 3772K, capacity 4012K, committed 4096K, reserved 1048576K
}
Event: 404.669 GC heap after
{Heap after GC invocations=25 (full 0):
 garbage-first heap   total 340992K, used 30581K [0x0000000088600000, 0x0000000100000000)
  region size 1024K, 1 young (1024K), 1 survivors (1024K)
 Metaspace       used 33809K, capacity 34520K, committed 34992K, reserved 1081344K
  class space    used 3772K, capacity 4012K, committed 4096K, reserved 1048576K
}
Event: 404.701 GC heap before
{Heap before GC invocations=25 (full 0):
 garbage-first heap   total 340992K, used 49013K [0x0000000088600000, 0x0000000100000000)
  region size 1024K, 19 young (19456K), 1 survivors (1024K)
 Metaspace       used 33809K, capacity 34520K, committed 34992K, reserved 1081344K
  class space    used 3772K, capacity 4012K, committed 4096K, reserved 1048576K
}

Deoptimization events (20 events):
Event: 345.483 Thread 0x00007f0416edb800 Uncommon trap: trap_request=0xffffffde fr.pc=0x00007f040ca75af8 relative=0x0000000000002d18
Event: 345.483 Thread 0x00007f0416edb800 Uncommon trap: reason=class_check action=maybe_recompile pc=0x00007f040ca75af8 method=com.sun.codemodel.JFormatter.t(Lcom/sun/codemodel/JClass;)Lcom/sun/codemodel/JFormatter; @ 60 c2
Event: 345.483 Thread 0x00007f0416edb800 DEOPT PACKING pc=0x00007f040ca75af8 sp=0x00007f0417071b80
Event: 345.483 Thread 0x00007f0416edb800 DEOPT UNPACKING pc=0x00007f0404d612a5 sp=0x00007f0417071b18 mode 2
Event: 345.483 Thread 0x00007f0416edb800 Uncommon trap: trap_request=0xffffffde fr.pc=0x00007f040ca75af8 relative=0x0000000000002d18
Event: 345.483 Thread 0x00007f0416edb800 Uncommon trap: reason=class_check action=maybe_recompile pc=0x00007f040ca75af8 method=com.sun.codemodel.JFormatter.t(Lcom/sun/codemodel/JClass;)Lcom/sun/codemodel/JFormatter; @ 60 c2
Event: 345.483 Thread 0x00007f0416edb800 DEOPT PACKING pc=0x00007f040ca75af8 sp=0x00007f0417071b80
Event: 345.483 Thread 0x00007f0416edb800 DEOPT UNPACKING pc=0x00007f0404d612a5 sp=0x00007f0417071b18 mode 2
Event: 345.483 Thread 0x00007f0416edb800 Uncommon trap: trap_request=0xffffffde fr.pc=0x00007f040ca75af8 relative=0x0000000000002d18
Event: 345.483 Thread 0x00007f0416edb800 Uncommon trap: reason=class_check action=maybe_recompile pc=0x00007f040ca75af8 method=com.sun.codemodel.JFormatter.t(Lcom/sun/codemodel/JClass;)Lcom/sun/codemodel/JFormatter; @ 60 c2
Event: 345.483 Thread 0x00007f0416edb800 DEOPT PACKING pc=0x00007f040ca75af8 sp=0x00007f0417071b80
Event: 345.483 Thread 0x00007f0416edb800 DEOPT UNPACKING pc=0x00007f0404d612a5 sp=0x00007f0417071b18 mode 2
Event: 404.097 Thread 0x00007f0416edb800 Uncommon trap: trap_request=0xffffff4d fr.pc=0x00007f040c921140 relative=0x0000000000000080
Event: 404.111 Thread 0x00007f0416edb800 Uncommon trap: reason=unstable_if action=reinterpret pc=0x00007f040c921140 method=java.util.LinkedHashMap.afterNodeInsertion(Z)V @ 18 c2
Event: 404.111 Thread 0x00007f0416edb800 DEOPT PACKING pc=0x00007f040c921140 sp=0x00007f0417071730
Event: 404.111 Thread 0x00007f0416edb800 DEOPT UNPACKING pc=0x00007f0404d612a5 sp=0x00007f04170716d0 mode 2
Event: 404.154 Thread 0x00007f0416edb800 Uncommon trap: trap_request=0xffffff4d fr.pc=0x00007f040ca66f70 relative=0x0000000000000c30
Event: 404.154 Thread 0x00007f0416edb800 Uncommon trap: reason=unstable_if action=reinterpret pc=0x00007f040ca66f70 method=com.sun.codemodel.JFormatter.needSpace(CC)Z @ 84 c2
Event: 404.154 Thread 0x00007f0416edb800 DEOPT PACKING pc=0x00007f040ca66f70 sp=0x00007f0417071b40
Event: 404.154 Thread 0x00007f0416edb800 DEOPT UNPACKING pc=0x00007f0404d612a5 sp=0x00007f0417071ab0 mode 2

Classes redefined (0 events):
No events

Internal exceptions (17 events):
Event: 0.345 Thread 0x00007f0416edb800 Exception <a 'java/lang/NoSuchMethodError'{0x000000008fa09bc8}: 'int java.lang.invoke.DirectMethodHandle$Holder.invokeSpecialIFC(java.lang.Object, java.lang.Object, int)'> (0x000000008fa09bc8) thrown at [src/hotspot/share/interpreter/linkResolver.cpp, line 772]
Event: 1.418 Thread 0x00007f0416edb800 Exception <a 'java/lang/NoClassDefFoundError'{0x000000008fbd3260}: com/google/inject/servlet/ServletModuleTargetVisitor> (0x000000008fbd3260) thrown at [src/hotspot/share/classfile/systemDictionary.cpp, line 219]
Event: 1.418 Thread 0x00007f0416edb800 Exception <a 'java/lang/NoClassDefFoundError'{0x000000008fbd3260}> (0x000000008fbd3260) thrown at [src/hotspot/share/prims/jvm.cpp, line 1310]
Event: 1.418 Thread 0x00007f0416edb800 Exception <a 'java/lang/NoClassDefFoundError'{0x000000008fbd61f0}: javax/annotation/Priority> (0x000000008fbd61f0) thrown at [src/hotspot/share/classfile/systemDictionary.cpp, line 219]
Event: 1.762 Thread 0x00007f0416edb800 Implicit null exception at 0x00007f040c87d075 to 0x00007f040c87d23c
Event: 1.763 Thread 0x00007f0416edb800 Implicit null exception at 0x00007f040c8960af to 0x00007f040c89611d
Event: 1.763 Thread 0x00007f0416edb800 Implicit null exception at 0x00007f040c8870bb to 0x00007f040c88777c
Event: 2.912 Thread 0x00007f0416edb800 Exception <a 'java/lang/NoSuchMethodError'{0x00000000914233f8}: 'java.lang.Object java.lang.invoke.DirectMethodHandle$Holder.invokeStatic(java.lang.Object, java.lang.Object, java.lang.Object, java.lang.Object, java.lang.Object, java.lang.Object, java.lang.Object, java.lang.Object, java.lang.Object, java.lang.Object, java.lang.Object, java.lang.Object, java.lang.Object, java.lang.Object, java.lang.Object)'> (0x00000000914233f8) thrown at [src/hotspot/share/interpreter/linkResolver.cpp, line 772]
Event: 2.913 Thread 0x00007f0416edb800 Exception <a 'java/lang/NoSuchMethodError'{0x0000000091431400}: 'java.lang.Object java.lang.invoke.DirectMethodHandle$Holder.invokeStatic(java.lang.Object, java.lang.Object, java.lang.Object, java.lang.Object, java.lang.Object, java.lang.Object, java.lang.Object, java.lang.Object, java.lang.Object, java.lang.Object, java.lang.Object, java.lang.Object, java.lang.Object, java.lang.Object, java.lang.Object, java.lang.Object)'> (0x0000000091431400) thrown at [src/hotspot/share/interpreter/linkResolver.cpp, lin
Event: 2.915 Thread 0x00007f0416edb800 Exception <a 'java/lang/NoSuchMethodError'{0x000000009143f318}: 'java.lang.Object java.lang.invoke.DirectMethodHandle$Holder.invokeSpecial(java.lang.Object, java.lang.Object, int, int, java.lang.Object, java.lang.Object, java.lang.Object)'> (0x000000009143f318) thrown at [src/hotspot/share/interpreter/linkResolver.cpp, line 772]
Event: 2.915 Thread 0x00007f0416edb800 Exception <a 'java/lang/NoSuchMethodError'{0x00000000914428a8}: 'java.lang.Object java.lang.invoke.DelegatingMethodHandle$Holder.reinvoke_L(java.lang.Object, int, int, java.lang.Object, java.lang.Object, java.lang.Object)'> (0x00000000914428a8) thrown at [src/hotspot/share/interpreter/linkResolver.cpp, line 772]
Event: 2.916 Thread 0x00007f0416edb800 Exception <a 'java/lang/NoSuchMethodError'{0x0000000091446c30}: 'java.lang.Object java.lang.invoke.DirectMethodHandle$Holder.invokeStatic(java.lang.Object, java.lang.Object, java.lang.Object, java.lang.Object, int)'> (0x0000000091446c30) thrown at [src/hotspot/share/interpreter/linkResolver.cpp, line 772]
Event: 2.957 Thread 0x00007f0416edb800 Exception <a 'java/io/FileNotFoundException'{0x000000009133c398}> (0x000000009133c398) thrown at [src/hotspot/share/prims/jni.cpp, line 617]
Event: 3.156 Thread 0x00007f0416edb800 Exception <a 'java/lang/ClassNotFoundException'{0x0000000090ff9e50}: com/sun/org/apache/xerces/internal/impl/xpath/regex/spi/messageProvider> (0x0000000090ff9e50) thrown at [src/hotspot/share/classfile/systemDictionary.cpp, line 230]
Event: 4.972 Thread 0x00007f0416edb800 Exception <a 'java/lang/NullPointerException'{0x000000008fcf1920}> (0x000000008fcf1920) thrown at [src/hotspot/share/interpreter/linkResolver.cpp, line 1440]
Event: 5.162 Thread 0x00007f0416edb800 Implicit null exception at 0x00007f040c8a9974 to 0x00007f040c8a9b88
Event: 5.421 Thread 0x00007f0416edb800 Implicit null exception at 0x00007f040c9e5017 to 0x00007f040c9e520c

Events (20 events):
Event: 403.861 Executing VM operation: G1CollectForAllocation done
Event: 403.963 Executing VM operation: ICBufferFull
Event: 403.975 Executing VM operation: ICBufferFull done
Event: 404.041 Executing VM operation: G1CollectForAllocation
Event: 404.076 Executing VM operation: G1CollectForAllocation done
Event: 404.157 Executing VM operation: G1CollectForAllocation
Event: 404.178 Executing VM operation: G1CollectForAllocation done
Event: 404.298 Executing VM operation: G1CollectForAllocation
Event: 404.302 Executing VM operation: G1CollectForAllocation done
Event: 404.351 Executing VM operation: G1CollectForAllocation
Event: 404.354 Executing VM operation: G1CollectForAllocation done
Event: 404.437 Executing VM operation: G1CollectForAllocation
Event: 404.449 Executing VM operation: G1CollectForAllocation done
Event: 404.497 Executing VM operation: G1CollectForAllocation
Event: 404.503 Executing VM operation: G1CollectForAllocation done
Event: 404.555 Executing VM operation: G1CollectForAllocation
Event: 404.561 Executing VM operation: G1CollectForAllocation done
Event: 404.643 Executing VM operation: G1CollectForAllocation
Event: 404.669 Executing VM operation: G1CollectForAllocation done
Event: 404.701 Executing VM operation: G1CollectForAllocation


Dynamic libraries:
88600000-9d300000 rw-p 00000000 00:00 0 
b7500000-100000000 ---p 00000000 00:00 0 
100000000-100400000 rw-p 00000000 00:00 0 
100400000-140000000 ---p 00000000 00:00 0 
55fcf130e000-55fcf130f000 r--p 00000000 fd:02 9052913                    /opt/java/openjdk/bin/java
55fcf130f000-55fcf1310000 r-xp 00001000 fd:02 9052913                    /opt/java/openjdk/bin/java
55fcf1310000-55fcf1311000 r--p 00002000 fd:02 9052913                    /opt/java/openjdk/bin/java
55fcf1311000-55fcf1312000 r--p 00002000 fd:02 9052913                    /opt/java/openjdk/bin/java
55fcf1312000-55fcf1313000 rw-p 00003000 fd:02 9052913                    /opt/java/openjdk/bin/java
55fcf1db1000-55fcf1db2000 ---p 00000000 00:00 0                          [heap]
55fcf1db2000-55fcf1dde000 rw-p 00000000 00:00 0                          [heap]
7f03f7e8c000-7f03f8353000 rw-p 00000000 00:00 0 
7f03f8401000-7f03f8501000 rw-p 00000000 00:00 0 
7f03f85ec000-7f03f87ec000 rw-p 00000000 00:00 0 
7f03f8826000-7f03f882e000 rw-p 00000000 00:00 0 
7f03f8837000-7f03f883b000 rw-p 00000000 00:00 0 
7f03f883d000-7f03f887b000 rw-p 00000000 00:00 0 
7f03f887c000-7f03f8894000 rw-p 00000000 00:00 0 
7f03f8895000-7f03f8b3e000 rw-p 00000000 00:00 0 
7f03f8b3e000-7f03f8d3e000 rw-p 00000000 00:00 0 
7f03f8d3e000-7f03f8f3e000 rw-p 00000000 00:00 0 
7f03f8f3e000-7f03f913e000 rw-p 00000000 00:00 0 
7f03f913e000-7f03f92e0000 rw-p 00000000 00:00 0 
7f03f92e0000-7f03f92e4000 ---p 00000000 00:00 0 
7f03f92e4000-7f03f93e1000 rw-p 00000000 00:00 0 
7f03f93e1000-7f03f93e5000 ---p 00000000 00:00 0 
7f03f93e5000-7f03f94e2000 rw-p 00000000 00:00 0 
7f03f94e2000-7f03f94e6000 ---p 00000000 00:00 0 
7f03f94e6000-7f03f95e3000 rw-p 00000000 00:00 0 
7f03f95e3000-7f03f95e7000 ---p 00000000 00:00 0 
7f03f95e7000-7f03f98d0000 rw-p 00000000 00:00 0 
7f03f98d0000-7f03f98e4000 ---p 00000000 00:00 0 
7f03f99e4000-7f03f9a24000 rw-p 00000000 00:00 0 
7f03f9a24000-7f03f9be4000 ---p 00000000 00:00 0 
7f03f9be4000-7f03f9ebb000 rw-p 00000000 00:00 0 
7f03f9ebb000-7f03f9ebf000 ---p 00000000 00:00 0 
7f03f9ebf000-7f03fa3bd000 rw-p 00000000 00:00 0 
7f03fa3bd000-7f03fa693000 rw-p 00000000 00:00 0 
7f03fa793000-7f03faceb000 rw-p 00000000 00:00 0 
7f03faceb000-7f03fb013000 rw-p 00000000 00:00 0 
7f03fb013000-7f03fb46d000 rw-p 00000000 00:00 0 
7f03fb46d000-7f03fb74d000 rw-p 00000000 00:00 0 
7f03fb74d000-7f03fb76d000 rw-p 00000000 00:00 0 
7f03fb76d000-7f03fb76e000 ---p 00000000 00:00 0 
7f03fb76e000-7f03fbbc0000 rw-p 00000000 00:00 0 
7f03fbc27000-7f03fbe12000 rw-p 00000000 00:00 0 
7f03fbe5a000-7f03fbe85000 rw-p 00000000 00:00 0 
7f03fbe8d000-7f03fbf65000 rw-p 00000000 00:00 0 
7f03fbf65000-7f03fbf69000 rw-p 00000000 00:00 0 
7f03fbf69000-7f03fc16b000 r-xp 00000000 fd:02 3200848                    /var/jenkins_home/tools/hudson.tasks.Maven_MavenInstallation/maven_j/lib/jansi-native/linux64/libjansi.so
7f03fc16b000-7f03fc16c000 rw-p 00002000 fd:02 3200848                    /var/jenkins_home/tools/hudson.tasks.Maven_MavenInstallation/maven_j/lib/jansi-native/linux64/libjansi.so
7f03fc16c000-7f03fc46f000 rw-p 00000000 00:00 0 
7f03fc46f000-7f03fc473000 r--p 00000000 fd:02 4375182                    /opt/java/openjdk/lib/libnet.so
7f03fc473000-7f03fc482000 r-xp 00004000 fd:02 4375182                    /opt/java/openjdk/lib/libnet.so
7f03fc482000-7f03fc486000 r--p 00013000 fd:02 4375182                    /opt/java/openjdk/lib/libnet.so
7f03fc486000-7f03fc487000 r--p 00016000 fd:02 4375182                    /opt/java/openjdk/lib/libnet.so
7f03fc487000-7f03fc488000 rw-p 00017000 fd:02 4375182                    /opt/java/openjdk/lib/libnet.so
7f03fc488000-7f03fc48e000 r--p 00000000 fd:02 4375183                    /opt/java/openjdk/lib/libnio.so
7f03fc48e000-7f03fc495000 r-xp 00006000 fd:02 4375183                    /opt/java/openjdk/lib/libnio.so
7f03fc495000-7f03fc498000 r--p 0000d000 fd:02 4375183                    /opt/java/openjdk/lib/libnio.so
7f03fc498000-7f03fc499000 r--p 0000f000 fd:02 4375183                    /opt/java/openjdk/lib/libnio.so
7f03fc499000-7f03fc49a000 rw-p 00010000 fd:02 4375183                    /opt/java/openjdk/lib/libnio.so
7f03fc49a000-7f03fc4b2000 rw-p 00000000 00:00 0 
7f03fc4b2000-7f03fc4b6000 ---p 00000000 00:00 0 
7f03fc4b6000-7f03fc5b3000 rw-p 00000000 00:00 0 
7f03fc5b3000-7f03fc5b4000 ---p 00000000 00:00 0 
7f03fc5b4000-7f03fc7fd000 rw-p 00000000 00:00 0 
7f03fc7fd000-7f03fc801000 ---p 00000000 00:00 0 
7f03fc801000-7f03fc90e000 rw-p 00000000 00:00 0 
7f03fc90e000-7f03fc912000 ---p 00000000 00:00 0 
7f03fc912000-7f03fca57000 rw-p 00000000 00:00 0 
7f03fca57000-7f03fca5b000 ---p 00000000 00:00 0 
7f03fca5b000-7f03fcb58000 rw-p 00000000 00:00 0 
7f03fcb58000-7f03fcb5c000 ---p 00000000 00:00 0 
7f03fcb5c000-7f03fcc59000 rw-p 00000000 00:00 0 
7f03fcc59000-7f03fcc5d000 ---p 00000000 00:00 0 
7f03fcc5d000-7f03fcd76000 rw-p 00000000 00:00 0 
7f03fcd76000-7f03fcd7a000 ---p 00000000 00:00 0 
7f03fcd7a000-7f03fce88000 rw-p 00000000 00:00 0 
7f03fce88000-7f03fce8c000 ---p 00000000 00:00 0 
7f03fce8c000-7f03fcf9c000 rw-p 00000000 00:00 0 
7f03fcf9c000-7f03fcf9d000 ---p 00000000 00:00 0 
7f03fcf9d000-7f03fda00000 rw-p 00000000 00:00 0 
7f03fda00000-7f03fda4b000 rw-p 00000000 00:00 0 
7f03fda4b000-7f03fda4c000 ---p 00000000 00:00 0 
7f03fda4c000-7f03fdb4e000 rw-p 00000000 00:00 0 
7f03fdb4e000-7f03fdb4f000 ---p 00000000 00:00 0 
7f03fdb4f000-7f03ffedb000 rw-p 00000000 00:00 0 
7f03ffedb000-7f03ffedc000 ---p 00000000 00:00 0 
7f03ffedc000-7f03fffdf000 rw-p 00000000 00:00 0 
7f03fffdf000-7f03fffe0000 ---p 00000000 00:00 0 
7f03fffe0000-7f040067a000 rw-p 00000000 00:00 0 
7f040067a000-7f0401f2e000 ---p 00000000 00:00 0 
7f0401f2e000-7f0402462000 rw-p 00000000 00:00 0 
7f0402462000-7f0403d16000 ---p 00000000 00:00 0 
7f0403d16000-7f0403dbe000 rw-p 00000000 00:00 0 
7f0403dbe000-7f04040d4000 ---p 00000000 00:00 0 
7f04040d4000-7f040417c000 rw-p 00000000 00:00 0 
7f040417c000-7f0404492000 ---p 00000000 00:00 0 
7f0404492000-7f040453e000 rw-p 00000000 00:00 0 
7f040453e000-7f0404854000 ---p 00000000 00:00 0 
7f0404854000-7f0404a65000 rw-p 00000000 00:00 0 
7f0404a65000-7f0404a66000 ---p 00000000 00:00 0 
7f0404a66000-7f0404b7d000 rw-p 00000000 00:00 0 
7f0404b7d000-7f0404c62000 ---p 00000000 00:00 0 
7f0404c62000-7f0404c7b000 rw-p 00000000 00:00 0 
7f0404c7b000-7f0404d4d000 ---p 00000000 00:00 0 
7f0404d4d000-7f0404d52000 rw-p 00000000 00:00 0 
7f0404d52000-7f0404d59000 ---p 00000000 00:00 0 
7f0404d59000-7f0404fc9000 rwxp 00000000 00:00 0 
7f0404fc9000-7f04052e8000 ---p 00000000 00:00 0 
7f04052e8000-7f0405f68000 rwxp 00000000 00:00 0 
7f0405f68000-7f040c820000 ---p 00000000 00:00 0 
7f040c820000-7f040cac0000 rwxp 00000000 00:00 0 
7f040cac0000-7f0413d59000 ---p 00000000 00:00 0 
7f0413d59000-7f0416ec3000 r--s 00000000 fd:02 4375192                    /opt/java/openjdk/lib/modules
7f0416ec3000-7f0416ec5000 r--p 00000000 fd:02 4375191                    /opt/java/openjdk/lib/libzip.so
7f0416ec5000-7f0416eca000 r-xp 00002000 fd:02 4375191                    /opt/java/openjdk/lib/libzip.so
7f0416eca000-7f0416ecc000 r--p 00007000 fd:02 4375191                    /opt/java/openjdk/lib/libzip.so
7f0416ecc000-7f0416ecd000 r--p 00008000 fd:02 4375191                    /opt/java/openjdk/lib/libzip.so
7f0416ecd000-7f0416ece000 rw-p 00009000 fd:02 4375191                    /opt/java/openjdk/lib/libzip.so
7f0416ece000-7f0416edc000 rw-p 00000000 00:00 0 
7f0416edc000-7f0416ee4000 rw-s 00000000 fd:02 10876516                   /tmp/hsperfdata_jenkins/5590
7f0416ee4000-7f0416ef5000 rw-p 00000000 00:00 0 
7f0416ef5000-7f0416ef6000 ---p 00000000 00:00 0 
7f0416ef6000-7f0416ef7000 r--p 00000000 00:00 0 
7f0416ef7000-7f0416f0b000 rw-p 00000000 00:00 0 
7f0416f0b000-7f0416f0e000 r--p 00000000 fd:02 4375174                    /opt/java/openjdk/lib/libjimage.so
7f0416f0e000-7f0416f21000 r-xp 00003000 fd:02 4375174                    /opt/java/openjdk/lib/libjimage.so
7f0416f21000-7f0416f27000 r--p 00016000 fd:02 4375174                    /opt/java/openjdk/lib/libjimage.so
7f0416f27000-7f0416f29000 r--p 0001b000 fd:02 4375174                    /opt/java/openjdk/lib/libjimage.so
7f0416f29000-7f0416f2a000 rw-p 0001d000 fd:02 4375174                    /opt/java/openjdk/lib/libjimage.so
7f0416f2a000-7f0416f32000 rw-p 00000000 00:00 0 
7f0416f32000-7f0416f40000 r--p 00000000 fd:02 4375170                    /opt/java/openjdk/lib/libjava.so
7f0416f40000-7f0416f56000 r-xp 0000e000 fd:02 4375170                    /opt/java/openjdk/lib/libjava.so
7f0416f56000-7f0416f5d000 r--p 00024000 fd:02 4375170                    /opt/java/openjdk/lib/libjava.so
7f0416f5d000-7f0416f5e000 r--p 0002a000 fd:02 4375170                    /opt/java/openjdk/lib/libjava.so
7f0416f5e000-7f0416f5f000 rw-p 0002b000 fd:02 4375170                    /opt/java/openjdk/lib/libjava.so
7f0416f5f000-7f0416f60000 rw-p 00000000 00:00 0 
7f0416f60000-7f0416f65000 r--p 00000000 fd:02 4375190                    /opt/java/openjdk/lib/libverify.so
7f0416f65000-7f0416f6c000 r-xp 00005000 fd:02 4375190                    /opt/java/openjdk/lib/libverify.so
7f0416f6c000-7f0416f6e000 r--p 0000c000 fd:02 4375190                    /opt/java/openjdk/lib/libverify.so
7f0416f6e000-7f0416f6f000 r--p 0000e000 fd:02 4375190                    /opt/java/openjdk/lib/libverify.so
7f0416f6f000-7f0416f71000 r--p 0000e000 fd:02 4375190                    /opt/java/openjdk/lib/libverify.so
7f0416f71000-7f0416f72000 rw-p 00010000 fd:02 4375190                    /opt/java/openjdk/lib/libverify.so
7f0416f72000-7f0416f73000 rw-p 00000000 00:00 0 
7f0416f73000-7f0416f77000 ---p 00000000 00:00 0 
7f0416f77000-7f0417087000 rw-p 00000000 00:00 0 
7f0417087000-7f041730c000 r--p 00000000 fd:02 4375198                    /opt/java/openjdk/lib/server/libjvm.so
7f041730c000-7f0417fb2000 r-xp 00285000 fd:02 4375198                    /opt/java/openjdk/lib/server/libjvm.so
7f0417fb2000-7f0418220000 r--p 00f2b000 fd:02 4375198                    /opt/java/openjdk/lib/server/libjvm.so
7f0418220000-7f0418221000 r--p 01199000 fd:02 4375198                    /opt/java/openjdk/lib/server/libjvm.so
7f0418221000-7f04182e6000 r--p 01199000 fd:02 4375198                    /opt/java/openjdk/lib/server/libjvm.so
7f04182e6000-7f0418321000 rw-p 0125e000 fd:02 4375198                    /opt/java/openjdk/lib/server/libjvm.so
7f0418321000-7f0418379000 rw-p 00000000 00:00 0 
7f0418379000-7f041837c000 r--p 00000000 fd:02 12686447                   /lib/libz.so.1.2.13
7f041837c000-7f041838a000 r-xp 00003000 fd:02 12686447                   /lib/libz.so.1.2.13
7f041838a000-7f0418391000 r--p 00011000 fd:02 12686447                   /lib/libz.so.1.2.13
7f0418391000-7f0418392000 r--p 00017000 fd:02 12686447                   /lib/libz.so.1.2.13
7f0418392000-7f0418393000 rw-p 00018000 fd:02 12686447                   /lib/libz.so.1.2.13
7f0418393000-7f0418395000 r--p 00000000 fd:02 12691472                   /opt/java/openjdk/lib/jli/libjli.so
7f0418395000-7f041839f000 r-xp 00002000 fd:02 12691472                   /opt/java/openjdk/lib/jli/libjli.so
7f041839f000-7f04183a2000 r--p 0000c000 fd:02 12691472                   /opt/java/openjdk/lib/jli/libjli.so
7f04183a2000-7f04183a3000 r--p 0000f000 fd:02 12691472                   /opt/java/openjdk/lib/jli/libjli.so
7f04183a3000-7f04183a4000 r--p 0000f000 fd:02 12691472                   /opt/java/openjdk/lib/jli/libjli.so
7f04183a4000-7f04183a5000 rw-p 00010000 fd:02 12691472                   /opt/java/openjdk/lib/jli/libjli.so
7f04183a5000-7f04183b9000 r--p 00000000 fd:02 12686441                   /lib/ld-musl-x86_64.so.1
7f04183b9000-7f0418405000 r-xp 00014000 fd:02 12686441                   /lib/ld-musl-x86_64.so.1
7f0418405000-7f041843b000 r--p 00060000 fd:02 12686441                   /lib/ld-musl-x86_64.so.1
7f041843b000-7f041843c000 r--p 00095000 fd:02 12686441                   /lib/ld-musl-x86_64.so.1
7f041843c000-7f041843d000 rw-p 00096000 fd:02 12686441                   /lib/ld-musl-x86_64.so.1
7f041843d000-7f0418440000 rw-p 00000000 00:00 0 
7fff834b8000-7fff834d9000 rw-p 00000000 00:00 0                          [stack]
7fff835f5000-7fff835f9000 r--p 00000000 00:00 0                          [vvar]
7fff835f9000-7fff835fb000 r-xp 00000000 00:00 0                          [vdso]
ffffffffff600000-ffffffffff601000 r-xp 00000000 00:00 0                  [vsyscall]


VM Arguments:
jvm_args: -Dclassworlds.conf=/var/jenkins_home/tools/hudson.tasks.Maven_MavenInstallation/maven_j/bin/m2.conf -Dmaven.home=/var/jenkins_home/tools/hudson.tasks.Maven_MavenInstallation/maven_j -Dlibrary.jansi.path=/var/jenkins_home/tools/hudson.tasks.Maven_MavenInstallation/maven_j/lib/jansi-native -Dmaven.multiModuleProjectDirectory=/var/jenkins_home/workspace/GDSN_lib_dev 
java_command: org.codehaus.plexus.classworlds.launcher.Launcher clean jaxb2:generate -P dev
java_class_path (initial): /var/jenkins_home/tools/hudson.tasks.Maven_MavenInstallation/maven_j/boot/plexus-classworlds-2.5.2.jar
Launcher Type: SUN_STANDARD

[Global flags]
     intx CICompilerCount                          = 2                                         {product} {ergonomic}
     uint ConcGCThreads                            = 1                                         {product} {ergonomic}
     uint G1ConcRefinementThreads                  = 2                                         {product} {ergonomic}
   size_t G1HeapRegionSize                         = 1048576                                   {product} {ergonomic}
    uintx GCDrainStackTargetSize                   = 64                                        {product} {ergonomic}
   size_t InitialHeapSize                          = 125829120                                 {product} {ergonomic}
   size_t MarkStackSize                            = 4194304                                   {product} {ergonomic}
   size_t MaxHeapSize                              = 2006974464                                {product} {ergonomic}
   size_t MaxNewSize                               = 1203765248                                {product} {ergonomic}
   size_t MinHeapDeltaBytes                        = 1048576                                   {product} {ergonomic}
    uintx NonNMethodCodeHeapSize                   = 5825164                                {pd product} {ergonomic}
    uintx NonProfiledCodeHeapSize                  = 122916538                              {pd product} {ergonomic}
    uintx ProfiledCodeHeapSize                     = 122916538                              {pd product} {ergonomic}
    uintx ReservedCodeCacheSize                    = 251658240                              {pd product} {ergonomic}
     bool SegmentedCodeCache                       = true                                      {product} {ergonomic}
     bool UseCompressedClassPointers               = true                                 {lp64_product} {ergonomic}
     bool UseCompressedOops                        = true                                 {lp64_product} {ergonomic}
     bool UseG1GC                                  = true                                      {product} {ergonomic}

Logging:
Log output configuration:
 #0: stdout all=warning uptime,level,tags
 #1: stderr all=off uptime,level,tags

Environment Variables:
JAVA_HOME=/opt/java/openjdk
PATH=/var/jenkins_home/tools/hudson.tasks.Maven_MavenInstallation/maven_j/bin:/var/jenkins_home/tools/hudson.tasks.Maven_MavenInstallation/maven_j/bin:/opt/java/openjdk/bin:/usr/local/sbin:/usr/local/bin:/usr/sbin:/usr/bin:/sbin:/bin
LD_LIBRARY_PATH=/opt/java/openjdk/lib/server:/opt/java/openjdk/lib:/opt/java/openjdk/../lib
LANG=C.UTF-8

Signal Handlers:
SIGSEGV: [libjvm.so+0xeaa2d0], sa_mask[0]=11111111011111111101111111111110, sa_flags=SA_RESTART|SA_SIGINFO
SIGBUS: [libjvm.so+0xeaa2d0], sa_mask[0]=11111111011111111101111111111110, sa_flags=SA_RESTART|SA_SIGINFO
SIGFPE: [libjvm.so+0xeaa2d0], sa_mask[0]=11111111011111111101111111111110, sa_flags=SA_RESTART|SA_SIGINFO
SIGPIPE: [libjvm.so+0xc1d110], sa_mask[0]=11111111011111111101111111111110, sa_flags=SA_RESTART|SA_SIGINFO
SIGXFSZ: [libjvm.so+0xc1d110], sa_mask[0]=11111111011111111101111111111110, sa_flags=SA_RESTART|SA_SIGINFO
SIGILL: [libjvm.so+0xeaa2d0], sa_mask[0]=11111111011111111101111111111110, sa_flags=SA_RESTART|SA_SIGINFO
SIGUSR2: [libjvm.so+0xc1cfb0], sa_mask[0]=00100000000000000000000000000000, sa_flags=SA_RESTART|SA_SIGINFO
SIGHUP: SIG_IGN, sa_mask[0]=00000000000000000000000000000000, sa_flags=none
SIGINT: SIG_IGN, sa_mask[0]=00000000000000000000000000000000, sa_flags=none
SIGTERM: [libjvm.so+0xc1d750], sa_mask[0]=11111111011111111101111111111110, sa_flags=SA_RESTART|SA_SIGINFO
SIGQUIT: [libjvm.so+0xc1d750], sa_mask[0]=11111111011111111101111111111110, sa_flags=SA_RESTART|SA_SIGINFO


---------------  S Y S T E M  ---------------

OS:NAME="Alpine Linux"
ID=alpine
VERSION_ID=3.18.3
PRETTY_NAME="Alpine Linux v3.18"
HOME_URL="https://alpinelinux.org/"
BUG_REPORT_URL="https://gitlab.alpinelinux.org/alpine/aports/-/issues"
uname:Linux 4.18.0-513.9.1.el8_9.x86_64 #1 SMP Thu Nov 16 10:29:04 EST 2023 x86_64
OS uptime: 4 days 14:27 hours
libc:musl - unknown musl - unknown 
rlimit (soft/hard): STACK 8192k/infinity , CORE infinity/infinity , NPROC infinity/infinity , NOFILE 1048576/1048576 , AS infinity/infinity , CPU infinity/infinity , DATA infinity/infinity , FSIZE infinity/infinity , MEMLOCK 64k/64k
load average:26.01 24.49 12.61

/proc/meminfo:
MemTotal:        7837180 kB
MemFree:          121956 kB
MemAvailable:      39668 kB
Buffers:               0 kB
Cached:            54788 kB
SwapCached:       263744 kB
Active:          3321420 kB
Inactive:        4040424 kB
Active(anon):    3312600 kB
Inactive(anon):  3995056 kB
Active(file):       8820 kB
Inactive(file):    45368 kB
Unevictable:          12 kB
Mlocked:              12 kB
SwapTotal:       2097148 kB
SwapFree:              0 kB
Dirty:               132 kB
Writeback:             0 kB
AnonPages:       7043692 kB
Mapped:            13408 kB
Shmem:               464 kB
KReclaimable:      53416 kB
Slab:             185356 kB
SReclaimable:      53416 kB
SUnreclaim:       131940 kB
KernelStack:       13120 kB
PageTables:        29224 kB
NFS_Unstable:          0 kB
Bounce:                0 kB
WritebackTmp:          0 kB
CommitLimit:     6015736 kB
Committed_AS:   10480708 kB
VmallocTotal:   34359738367 kB
VmallocUsed:       44892 kB
VmallocChunk:          0 kB
Percpu:            86528 kB
HardwareCorrupted:     0 kB
AnonHugePages:   2770944 kB
ShmemHugePages:        0 kB
ShmemPmdMapped:        0 kB
FileHugePages:         0 kB
FilePmdMapped:         0 kB
HugePages_Total:       0
HugePages_Free:        0
HugePages_Rsvd:        0
HugePages_Surp:        0
Hugepagesize:       2048 kB
Hugetlb:               0 kB
DirectMap4k:      571200 kB
DirectMap2M:     7817216 kB
DirectMap1G:     2097152 kB

/sys/kernel/mm/transparent_hugepage/enabled:
[always] madvise never
/sys/kernel/mm/transparent_hugepage/defrag (defrag/compaction efforts parameter):
always defer defer+madvise [madvise] never

Process Memory:
Virtual Size: 3106264K (peak: 3534908K)
Resident Set Size: 286536K (peak: 286536K) (anon: 286536K, file: 0K, shmem: 0K)
Swapped out: 0K

/proc/sys/kernel/threads-max (system-wide limit on the number of threads):
60942
/proc/sys/vm/max_map_count (maximum number of memory map areas a process may have):
65530
/proc/sys/kernel/pid_max (system-wide limit on number of process identifiers):
4194304

container (cgroup) information:
container_type: cgroupv1
cpu_cpuset_cpus: 0-1
cpu_memory_nodes: 0
active_processor_count: 2
cpu_quota: no quota
cpu_period: 100000
cpu_shares: no shares
memory_limit_in_bytes: unlimited
memory_and_swap_limit_in_bytes: unlimited
memory_soft_limit_in_bytes: unlimited
memory_usage_in_bytes: 2212052 k
memory_max_usage_in_bytes: 2812744 k
kernel_memory_usage_in_bytes: 11492 k
kernel_memory_max_usage_in_bytes: unlimited
kernel_memory_limit_in_bytes: 24828 k
maximum number of tasks: unlimited
current number of tasks: 92

VMWare virtualization detected
Steal ticks since vm start: 0
Steal ticks percentage since vm start:  0.000

CPU:total 2 (initial active 2) (1 cores per cpu, 1 threads per core) family 6 model 106 stepping 6 microcode 0xd00037b, cmov, cx8, fxsr, mmx, sse, sse2, sse3, ssse3, sse4.1, sse4.2, popcnt, avx, avx2, aes, clmul, erms, 3dnowpref, lzcnt, tsc, tscinvbit, bmi1, bmi2, adx, evex, fma
CPU Model and flags from /proc/cpuinfo:
model name	: Intel(R) Xeon(R) Gold 6326 CPU @ 2.90GHz
flags		: fpu vme de pse tsc msr pae mce cx8 apic sep mtrr pge mca cmov pat pse36 clflush mmx fxsr sse sse2 ss syscall nx pdpe1gb rdtscp lm constant_tsc arch_perfmon nopl xtopology tsc_reliable nonstop_tsc cpuid pni pclmulqdq ssse3 fma cx16 pcid sse4_1 sse4_2 x2apic movbe popcnt tsc_deadline_timer aes xsave avx f16c rdrand hypervisor lahf_lm abm 3dnowprefetch invpcid_single ssbd ibrs ibpb stibp ibrs_enhanced fsgsbase tsc_adjust bmi1 avx2 smep bmi2 invpcid avx512f avx512dq rdseed adx smap clflushopt clwb avx512cd avx512bw avx512vl xsaveopt xsavec xsaves arat pku ospke md_clear flush_l1d arch_capabilities
Online cpus:
0-1
Offline cpus:
2-127
BIOS frequency limitation:
<Not Available>
Frequency switch latency (ns):
<Not Available>
Available cpu frequencies:
<Not Available>
Current governor:
<Not Available>
Core performance/turbo boost:
<Not Available>

Memory: 4k page, physical 7837180k(120948k free), swap 2097148k(0k free)

vm_info: OpenJDK 64-Bit Server VM (11.0.20+8) for linux-amd64-musl JRE (11.0.20+8), built on Jul 18 2023 21:44:13 by "" with gcc 10.3.1 20211027

END.
